{"/home/travis/build/npmtest/node-npmtest-rbac/test.js":{"path":"/home/travis/build/npmtest/node-npmtest-rbac/test.js","s":{"1":2,"2":2,"3":2,"4":2,"5":2,"6":2,"7":2,"8":1,"9":2,"10":2,"11":1,"12":1,"13":1,"14":1,"15":2,"16":2,"17":2,"18":2,"19":1,"20":1,"21":2,"22":2,"23":2,"24":1,"25":1,"26":1,"27":1,"28":1,"29":1,"30":1,"31":1,"32":1,"33":1,"34":1,"35":1,"36":1,"37":1,"38":1,"39":2,"40":2,"41":1,"42":2,"43":2,"44":1,"45":2,"46":2,"47":1,"48":2,"49":2,"50":1,"51":1,"52":1,"53":1,"54":1},"b":{"1":[2,1,1,1],"2":[1,1,1,1],"3":[1,1],"4":[1,1],"5":[1,1],"6":[1,1],"7":[1,1],"8":[1,1],"9":[1,1],"10":[1,1,1],"11":[1,1],"12":[1,1],"13":[1,1],"14":[1,1],"15":[1,1],"16":[1,1],"17":[1,1]},"f":{"1":2,"2":2,"3":2,"4":2,"5":2,"6":1,"7":1,"8":1,"9":2,"10":2,"11":2,"12":2,"13":1},"fnMap":{"1":{"name":"(anonymous_1)","line":12,"loc":{"start":{"line":12,"column":1},"end":{"line":12,"column":13}}},"2":{"name":"(anonymous_2)","line":19,"loc":{"start":{"line":19,"column":5},"end":{"line":19,"column":17}}},"3":{"name":"(anonymous_3)","line":23,"loc":{"start":{"line":23,"column":24},"end":{"line":23,"column":36}}},"4":{"name":"(anonymous_4)","line":61,"loc":{"start":{"line":61,"column":5},"end":{"line":61,"column":17}}},"5":{"name":"(anonymous_5)","line":82,"loc":{"start":{"line":82,"column":5},"end":{"line":82,"column":17}}},"6":{"name":"(anonymous_6)","line":91,"loc":{"start":{"line":91,"column":77},"end":{"line":94,"column":10}}},"7":{"name":"(anonymous_7)","line":112,"loc":{"start":{"line":112,"column":83},"end":{"line":115,"column":10}},"skip":true},"8":{"name":"(anonymous_8)","line":123,"loc":{"start":{"line":123,"column":77},"end":{"line":126,"column":10}},"skip":true},"9":{"name":"(anonymous_9)","line":139,"loc":{"start":{"line":139,"column":12},"end":{"line":139,"column":40}},"skip":true},"10":{"name":"(anonymous_10)","line":147,"loc":{"start":{"line":147,"column":77},"end":{"line":150,"column":10}},"skip":true},"11":{"name":"(anonymous_11)","line":158,"loc":{"start":{"line":158,"column":83},"end":{"line":161,"column":10}},"skip":true},"12":{"name":"(anonymous_12)","line":169,"loc":{"start":{"line":169,"column":79},"end":{"line":172,"column":10}},"skip":true},"13":{"name":"(anonymous_13)","line":180,"loc":{"start":{"line":180,"column":75},"end":{"line":183,"column":10}},"skip":true}},"statementMap":{"1":{"start":{"line":12,"column":0},"end":{"line":195,"column":5}},"2":{"start":{"line":14,"column":4},"end":{"line":14,"column":14}},"3":{"start":{"line":19,"column":4},"end":{"line":56,"column":9}},"4":{"start":{"line":21,"column":8},"end":{"line":21,"column":19}},"5":{"start":{"line":23,"column":8},"end":{"line":35,"column":13}},"6":{"start":{"line":24,"column":12},"end":{"line":34,"column":13}},"7":{"start":{"line":25,"column":16},"end":{"line":28,"column":30}},"8":{"start":{"line":30,"column":16},"end":{"line":33,"column":27}},"9":{"start":{"line":37,"column":8},"end":{"line":39,"column":21}},"10":{"start":{"line":40,"column":8},"end":{"line":53,"column":9}},"11":{"start":{"line":43,"column":12},"end":{"line":46,"column":14}},"12":{"start":{"line":47,"column":12},"end":{"line":47,"column":18}},"13":{"start":{"line":50,"column":12},"end":{"line":51,"column":46}},"14":{"start":{"line":52,"column":12},"end":{"line":52,"column":18}},"15":{"start":{"line":55,"column":8},"end":{"line":55,"column":35}},"16":{"start":{"line":61,"column":4},"end":{"line":63,"column":9}},"17":{"start":{"line":62,"column":8},"end":{"line":62,"column":15}},"18":{"start":{"line":64,"column":4},"end":{"line":77,"column":5}},"19":{"start":{"line":70,"column":8},"end":{"line":70,"column":14}},"20":{"start":{"line":76,"column":8},"end":{"line":76,"column":14}},"21":{"start":{"line":82,"column":4},"end":{"line":84,"column":9}},"22":{"start":{"line":83,"column":8},"end":{"line":83,"column":15}},"23":{"start":{"line":85,"column":4},"end":{"line":194,"column":5}},"24":{"start":{"line":91,"column":8},"end":{"line":99,"column":10}},"25":{"start":{"line":98,"column":12},"end":{"line":98,"column":35}},"26":{"start":{"line":102,"column":8},"end":{"line":104,"column":63}},"27":{"start":{"line":105,"column":8},"end":{"line":105,"column":14}},"28":{"start":{"line":112,"column":8},"end":{"line":121,"column":10},"skip":true},"29":{"start":{"line":119,"column":12},"end":{"line":119,"column":55},"skip":true},"30":{"start":{"line":120,"column":12},"end":{"line":120,"column":48},"skip":true},"31":{"start":{"line":123,"column":8},"end":{"line":136,"column":10},"skip":true},"32":{"start":{"line":130,"column":12},"end":{"line":130,"column":76},"skip":true},"33":{"start":{"line":131,"column":12},"end":{"line":131,"column":73},"skip":true},"34":{"start":{"line":132,"column":12},"end":{"line":132,"column":74},"skip":true},"35":{"start":{"line":133,"column":12},"end":{"line":133,"column":79},"skip":true},"36":{"start":{"line":134,"column":12},"end":{"line":134,"column":25},"skip":true},"37":{"start":{"line":135,"column":12},"end":{"line":135,"column":45},"skip":true},"38":{"start":{"line":138,"column":8},"end":{"line":145,"column":14},"skip":true},"39":{"start":{"line":143,"column":16},"end":{"line":143,"column":29},"skip":true},"40":{"start":{"line":144,"column":16},"end":{"line":144,"column":55},"skip":true},"41":{"start":{"line":147,"column":8},"end":{"line":156,"column":10},"skip":true},"42":{"start":{"line":154,"column":12},"end":{"line":154,"column":25},"skip":true},"43":{"start":{"line":155,"column":12},"end":{"line":155,"column":45},"skip":true},"44":{"start":{"line":158,"column":8},"end":{"line":167,"column":10},"skip":true},"45":{"start":{"line":165,"column":12},"end":{"line":165,"column":25},"skip":true},"46":{"start":{"line":166,"column":12},"end":{"line":166,"column":48},"skip":true},"47":{"start":{"line":169,"column":8},"end":{"line":178,"column":10},"skip":true},"48":{"start":{"line":176,"column":12},"end":{"line":176,"column":25},"skip":true},"49":{"start":{"line":177,"column":12},"end":{"line":177,"column":46},"skip":true},"50":{"start":{"line":180,"column":8},"end":{"line":189,"column":10},"skip":true},"51":{"start":{"line":187,"column":12},"end":{"line":187,"column":94},"skip":true},"52":{"start":{"line":188,"column":12},"end":{"line":188,"column":48},"skip":true},"53":{"start":{"line":192,"column":8},"end":{"line":192,"column":35},"skip":true},"54":{"start":{"line":193,"column":8},"end":{"line":193,"column":14},"skip":true}},"branchMap":{"1":{"line":25,"type":"binary-expr","locations":[{"start":{"line":25,"column":23},"end":{"line":25,"column":62}},{"start":{"line":26,"column":20},"end":{"line":26,"column":70}},{"start":{"line":27,"column":20},"end":{"line":27,"column":71}},{"start":{"line":28,"column":20},"end":{"line":28,"column":29}}]},"2":{"line":30,"type":"binary-expr","locations":[{"start":{"line":30,"column":23},"end":{"line":30,"column":37}},{"start":{"line":31,"column":20},"end":{"line":31,"column":61}},{"start":{"line":32,"column":20},"end":{"line":32,"column":70}},{"start":{"line":33,"column":20},"end":{"line":33,"column":26}}]},"3":{"line":37,"type":"cond-expr","locations":[{"start":{"line":38,"column":14},"end":{"line":38,"column":20}},{"start":{"line":39,"column":14},"end":{"line":39,"column":20}}]},"4":{"line":40,"type":"switch","locations":[{"start":{"line":42,"column":8},"end":{"line":47,"column":18}},{"start":{"line":49,"column":8},"end":{"line":52,"column":18}}]},"5":{"line":44,"type":"binary-expr","locations":[{"start":{"line":44,"column":16},"end":{"line":44,"column":44}},{"start":{"line":44,"column":48},"end":{"line":44,"column":66}}]},"6":{"line":50,"type":"binary-expr","locations":[{"start":{"line":50,"column":21},"end":{"line":50,"column":49}},{"start":{"line":50,"column":53},"end":{"line":50,"column":72}}]},"7":{"line":64,"type":"switch","locations":[{"start":{"line":69,"column":4},"end":{"line":70,"column":14}},{"start":{"line":75,"column":4},"end":{"line":76,"column":14}}]},"8":{"line":85,"type":"switch","locations":[{"start":{"line":90,"column":4},"end":{"line":105,"column":14}},{"start":{"line":111,"column":4},"end":{"line":193,"column":14},"skip":true}]},"9":{"line":91,"type":"binary-expr","locations":[{"start":{"line":91,"column":42},"end":{"line":91,"column":73}},{"start":{"line":91,"column":77},"end":{"line":99,"column":9}}]},"10":{"line":102,"type":"binary-expr","locations":[{"start":{"line":102,"column":18},"end":{"line":102,"column":32}},{"start":{"line":103,"column":12},"end":{"line":103,"column":53}},{"start":{"line":104,"column":12},"end":{"line":104,"column":61}}]},"11":{"line":112,"type":"binary-expr","locations":[{"start":{"line":112,"column":45},"end":{"line":112,"column":79},"skip":true},{"start":{"line":112,"column":83},"end":{"line":121,"column":9},"skip":true}]},"12":{"line":123,"type":"binary-expr","locations":[{"start":{"line":123,"column":42},"end":{"line":123,"column":73},"skip":true},{"start":{"line":123,"column":77},"end":{"line":136,"column":9},"skip":true}]},"13":{"line":138,"type":"binary-expr","locations":[{"start":{"line":138,"column":48},"end":{"line":138,"column":85},"skip":true},{"start":{"line":139,"column":12},"end":{"line":145,"column":13},"skip":true}]},"14":{"line":147,"type":"binary-expr","locations":[{"start":{"line":147,"column":42},"end":{"line":147,"column":73},"skip":true},{"start":{"line":147,"column":77},"end":{"line":156,"column":9},"skip":true}]},"15":{"line":158,"type":"binary-expr","locations":[{"start":{"line":158,"column":45},"end":{"line":158,"column":79},"skip":true},{"start":{"line":158,"column":83},"end":{"line":167,"column":9},"skip":true}]},"16":{"line":169,"type":"binary-expr","locations":[{"start":{"line":169,"column":43},"end":{"line":169,"column":75},"skip":true},{"start":{"line":169,"column":79},"end":{"line":178,"column":9},"skip":true}]},"17":{"line":180,"type":"binary-expr","locations":[{"start":{"line":180,"column":41},"end":{"line":180,"column":71},"skip":true},{"start":{"line":180,"column":75},"end":{"line":189,"column":9},"skip":true}]}},"code":["/* istanbul instrument in package npmtest_rbac */","/*jslint","    bitwise: true,","    browser: true,","    maxerr: 8,","    maxlen: 96,","    node: true,","    nomen: true,","    regexp: true,","    stupid: true","*/","(function () {","    'use strict';","    var local;","","","","    // run shared js-env code - pre-init","    (function () {","        // init local","        local = {};","        // init modeJs","        local.modeJs = (function () {","            try {","                return typeof navigator.userAgent === 'string' &&","                    typeof document.querySelector('body') === 'object' &&","                    typeof XMLHttpRequest.prototype.open === 'function' &&","                    'browser';","            } catch (errorCaughtBrowser) {","                return module.exports &&","                    typeof process.versions.node === 'string' &&","                    typeof require('http').createServer === 'function' &&","                    'node';","            }","        }());","        // init global","        local.global = local.modeJs === 'browser'","            ? window","            : global;","        switch (local.modeJs) {","        // re-init local from window.local","        case 'browser':","            local = local.global.utility2.objectSetDefault(","                local.global.utility2_rollup || local.global.local,","                local.global.utility2","            );","            break;","        // re-init local from example.js","        case 'node':","            local = (local.global.utility2_rollup || require('utility2'))","                .requireExampleJsFromReadme();","            break;","        }","        // export local","        local.global.local = local;","    }());","","","","    // run shared js-env code - function","    (function () {","        return;","    }());","    switch (local.modeJs) {","","","","    // run browser js-env code - function","    case 'browser':","        break;","","","","    // run node js-env code - function","    case 'node':","        break;","    }","","","","    // run shared js-env code - post-init","    (function () {","        return;","    }());","    switch (local.modeJs) {","","","","    // run browser js-env code - post-init","    case 'browser':","        local.testCase_browser_nullCase = local.testCase_browser_nullCase || function (","            options,","            onError","        ) {","        /*","         * this function will test browsers's null-case handling-behavior-behavior","         */","            onError(null, options);","        };","","        // run tests","        local.nop(local.modeTest &&","            document.querySelector('#testRunButton1') &&","            document.querySelector('#testRunButton1').click());","        break;","","","","    // run node js-env code - post-init","    /* istanbul ignore next */","    case 'node':","        local.testCase_buildApidoc_default = local.testCase_buildApidoc_default || function (","            options,","            onError","        ) {","        /*","         * this function will test buildApidoc's default handling-behavior-behavior","         */","            options = { modulePathList: module.paths };","            local.buildApidoc(options, onError);","        };","","        local.testCase_buildApp_default = local.testCase_buildApp_default || function (","            options,","            onError","        ) {","        /*","         * this function will test buildApp's default handling-behavior-behavior","         */","            local.testCase_buildReadme_default(options, local.onErrorThrow);","            local.testCase_buildLib_default(options, local.onErrorThrow);","            local.testCase_buildTest_default(options, local.onErrorThrow);","            local.testCase_buildCustomOrg_default(options, local.onErrorThrow);","            options = [];","            local.buildApp(options, onError);","        };","","        local.testCase_buildCustomOrg_default = local.testCase_buildCustomOrg_default ||","            function (options, onError) {","            /*","             * this function will test buildCustomOrg's default handling-behavior","             */","                options = {};","                local.buildCustomOrg(options, onError);","            };","","        local.testCase_buildLib_default = local.testCase_buildLib_default || function (","            options,","            onError","        ) {","        /*","         * this function will test buildLib's default handling-behavior","         */","            options = {};","            local.buildLib(options, onError);","        };","","        local.testCase_buildReadme_default = local.testCase_buildReadme_default || function (","            options,","            onError","        ) {","        /*","         * this function will test buildReadme's default handling-behavior-behavior","         */","            options = {};","            local.buildReadme(options, onError);","        };","","        local.testCase_buildTest_default = local.testCase_buildTest_default || function (","            options,","            onError","        ) {","        /*","         * this function will test buildTest's default handling-behavior","         */","            options = {};","            local.buildTest(options, onError);","        };","","        local.testCase_webpage_default = local.testCase_webpage_default || function (","            options,","            onError","        ) {","        /*","         * this function will test webpage's default handling-behavior","         */","            options = { modeCoverageMerge: true, url: local.serverLocalHost + '?modeTest=1' };","            local.browserTest(options, onError);","        };","","        // run test-server","        local.testRunServer(local);","        break;","    }","}());",""],"l":{"12":2,"14":2,"19":2,"21":2,"23":2,"24":2,"25":2,"30":1,"37":2,"40":2,"43":1,"47":1,"50":1,"52":1,"55":2,"61":2,"62":2,"64":2,"70":1,"76":1,"82":2,"83":2,"85":2,"91":1,"98":1,"102":1,"105":1,"112":1,"119":1,"120":1,"123":1,"130":1,"131":1,"132":1,"133":1,"134":1,"135":1,"138":1,"143":2,"144":2,"147":1,"154":2,"155":2,"158":1,"165":2,"166":2,"169":1,"176":2,"177":2,"180":1,"187":1,"188":1,"192":1,"193":1}},"/home/travis/build/npmtest/node-npmtest-rbac/lib.npmtest_rbac.js":{"path":"/home/travis/build/npmtest/node-npmtest-rbac/lib.npmtest_rbac.js","s":{"1":2,"2":2,"3":2,"4":2,"5":2,"6":2,"7":2,"8":1,"9":2,"10":2,"11":2,"12":2,"13":1,"14":1,"15":1,"16":1},"b":{"1":[2,1,1,1],"2":[1,1,1,1],"3":[1,1],"4":[2,2],"5":[1,1]},"f":{"1":2,"2":2,"3":2},"fnMap":{"1":{"name":"(anonymous_1)","line":12,"loc":{"start":{"line":12,"column":1},"end":{"line":12,"column":13}}},"2":{"name":"(anonymous_2)","line":19,"loc":{"start":{"line":19,"column":5},"end":{"line":19,"column":17}}},"3":{"name":"(anonymous_3)","line":23,"loc":{"start":{"line":23,"column":24},"end":{"line":23,"column":36}}}},"statementMap":{"1":{"start":{"line":12,"column":0},"end":{"line":53,"column":5}},"2":{"start":{"line":14,"column":4},"end":{"line":14,"column":14}},"3":{"start":{"line":19,"column":4},"end":{"line":52,"column":9}},"4":{"start":{"line":21,"column":8},"end":{"line":21,"column":19}},"5":{"start":{"line":23,"column":8},"end":{"line":35,"column":13}},"6":{"start":{"line":24,"column":12},"end":{"line":34,"column":13}},"7":{"start":{"line":25,"column":16},"end":{"line":28,"column":30}},"8":{"start":{"line":30,"column":16},"end":{"line":33,"column":27}},"9":{"start":{"line":37,"column":8},"end":{"line":39,"column":21}},"10":{"start":{"line":41,"column":8},"end":{"line":41,"column":54}},"11":{"start":{"line":43,"column":8},"end":{"line":43,"column":49}},"12":{"start":{"line":45,"column":8},"end":{"line":51,"column":9}},"13":{"start":{"line":46,"column":12},"end":{"line":46,"column":55}},"14":{"start":{"line":48,"column":12},"end":{"line":48,"column":35}},"15":{"start":{"line":49,"column":12},"end":{"line":49,"column":49}},"16":{"start":{"line":50,"column":12},"end":{"line":50,"column":43}}},"branchMap":{"1":{"line":25,"type":"binary-expr","locations":[{"start":{"line":25,"column":23},"end":{"line":25,"column":62}},{"start":{"line":26,"column":20},"end":{"line":26,"column":70}},{"start":{"line":27,"column":20},"end":{"line":27,"column":71}},{"start":{"line":28,"column":20},"end":{"line":28,"column":29}}]},"2":{"line":30,"type":"binary-expr","locations":[{"start":{"line":30,"column":23},"end":{"line":30,"column":37}},{"start":{"line":31,"column":20},"end":{"line":31,"column":61}},{"start":{"line":32,"column":20},"end":{"line":32,"column":70}},{"start":{"line":33,"column":20},"end":{"line":33,"column":26}}]},"3":{"line":37,"type":"cond-expr","locations":[{"start":{"line":38,"column":14},"end":{"line":38,"column":20}},{"start":{"line":39,"column":14},"end":{"line":39,"column":20}}]},"4":{"line":41,"type":"binary-expr","locations":[{"start":{"line":41,"column":16},"end":{"line":41,"column":44}},{"start":{"line":41,"column":48},"end":{"line":41,"column":53}}]},"5":{"line":45,"type":"if","locations":[{"start":{"line":45,"column":8},"end":{"line":45,"column":8}},{"start":{"line":45,"column":8},"end":{"line":45,"column":8}}]}},"code":["/* istanbul instrument in package npmtest_rbac */","/*jslint","    bitwise: true,","    browser: true,","    maxerr: 8,","    maxlen: 96,","    node: true,","    nomen: true,","    regexp: true,","    stupid: true","*/","(function () {","    'use strict';","    var local;","","","","    // run shared js-env code - pre-init","    (function () {","        // init local","        local = {};","        // init modeJs","        local.modeJs = (function () {","            try {","                return typeof navigator.userAgent === 'string' &&","                    typeof document.querySelector('body') === 'object' &&","                    typeof XMLHttpRequest.prototype.open === 'function' &&","                    'browser';","            } catch (errorCaughtBrowser) {","                return module.exports &&","                    typeof process.versions.node === 'string' &&","                    typeof require('http').createServer === 'function' &&","                    'node';","            }","        }());","        // init global","        local.global = local.modeJs === 'browser'","            ? window","            : global;","        // init utility2_rollup","        local = local.global.utility2_rollup || local;","        // init lib","        local.local = local.npmtest_rbac = local;","        // init exports","        if (local.modeJs === 'browser') {","            local.global.utility2_npmtest_rbac = local;","        } else {","            module.exports = local;","            module.exports.__dirname = __dirname;","            module.exports.module = module;","        }","    }());","}());",""],"l":{"12":2,"14":2,"19":2,"21":2,"23":2,"24":2,"25":2,"30":1,"37":2,"41":2,"43":2,"45":2,"46":1,"48":1,"49":1,"50":1}},"/home/travis/build/npmtest/node-npmtest-rbac/example.js":{"path":"/home/travis/build/npmtest/node-npmtest-rbac/example.js","s":{"1":2,"2":2,"3":2,"4":2,"5":2,"6":2,"7":2,"8":1,"9":2,"10":2,"11":2,"12":2,"13":1,"14":2,"15":2,"16":2,"17":2,"18":2,"19":0,"20":2,"21":1,"22":1,"23":1,"24":1,"25":1,"26":0,"27":0,"28":1,"29":1,"30":2,"31":0,"32":0,"33":0,"34":1,"35":2,"36":2,"37":3,"38":3,"39":3,"40":3,"41":0,"42":3,"43":3,"44":3,"45":1,"46":3,"47":1,"48":1,"49":1,"50":1,"51":1,"52":1,"53":1,"54":1,"55":1,"56":1,"57":0,"58":1,"59":6,"60":6,"61":1,"62":2,"63":0,"64":2,"65":1,"66":1,"67":0,"68":0,"69":0,"70":0,"71":0,"72":0,"73":0,"74":0,"75":0,"76":0,"77":0,"78":0,"79":0,"80":0,"81":0,"82":0,"83":0},"b":{"1":[2,1,1,1],"2":[1,1,1,1],"3":[1,1],"4":[2,2],"5":[1,1],"6":[1,1],"7":[2,0],"8":[2,1,1,1,1,1],"9":[0,2,0],"10":[1,1],"11":[2,1,1],"12":[1,0],"13":[0,2],"14":[2,0,0,0,0,0,0],"15":[0,3],"16":[3,0],"17":[1,1],"18":[0,1],"19":[1,2,0,2],"20":[1,0],"21":[1,1],"22":[0,0],"23":[0,0],"24":[0,0],"25":[0,0],"26":[0,0],"27":[0,0],"28":[0,0]},"f":{"1":2,"2":2,"3":2,"4":2,"5":2,"6":2,"7":3,"8":3,"9":3,"10":1,"11":6,"12":0},"fnMap":{"1":{"name":"(anonymous_1)","line":26,"loc":{"start":{"line":26,"column":1},"end":{"line":26,"column":13}}},"2":{"name":"(anonymous_2)","line":33,"loc":{"start":{"line":33,"column":5},"end":{"line":33,"column":17}}},"3":{"name":"(anonymous_3)","line":37,"loc":{"start":{"line":37,"column":24},"end":{"line":37,"column":36}}},"4":{"name":"(anonymous_4)","line":69,"loc":{"start":{"line":69,"column":31},"end":{"line":69,"column":48}},"skip":true},"5":{"name":"(anonymous_5)","line":78,"loc":{"start":{"line":78,"column":26},"end":{"line":78,"column":45}},"skip":true},"6":{"name":"(anonymous_6)","line":123,"loc":{"start":{"line":123,"column":33},"end":{"line":123,"column":48}},"skip":true},"7":{"name":"(anonymous_7)","line":125,"loc":{"start":{"line":125,"column":27},"end":{"line":125,"column":39}},"skip":true},"8":{"name":"(anonymous_8)","line":133,"loc":{"start":{"line":133,"column":59},"end":{"line":133,"column":74}},"skip":true},"9":{"name":"(anonymous_9)","line":143,"loc":{"start":{"line":143,"column":45},"end":{"line":143,"column":62}},"skip":true},"10":{"name":"(anonymous_10)","line":144,"loc":{"start":{"line":144,"column":73},"end":{"line":144,"column":92}},"skip":true},"11":{"name":"(anonymous_11)","line":272,"loc":{"start":{"line":272,"column":51},"end":{"line":272,"column":77}},"skip":true},"12":{"name":"(anonymous_12)","line":315,"loc":{"start":{"line":315,"column":32},"end":{"line":315,"column":61}},"skip":true}},"statementMap":{"1":{"start":{"line":26,"column":0},"end":{"line":326,"column":5}},"2":{"start":{"line":28,"column":4},"end":{"line":28,"column":14}},"3":{"start":{"line":33,"column":4},"end":{"line":60,"column":9}},"4":{"start":{"line":35,"column":8},"end":{"line":35,"column":19}},"5":{"start":{"line":37,"column":8},"end":{"line":49,"column":13}},"6":{"start":{"line":38,"column":12},"end":{"line":48,"column":13}},"7":{"start":{"line":39,"column":16},"end":{"line":42,"column":30}},"8":{"start":{"line":44,"column":16},"end":{"line":47,"column":27}},"9":{"start":{"line":51,"column":8},"end":{"line":53,"column":21}},"10":{"start":{"line":55,"column":8},"end":{"line":57,"column":45}},"11":{"start":{"line":59,"column":8},"end":{"line":59,"column":35}},"12":{"start":{"line":61,"column":4},"end":{"line":325,"column":5}},"13":{"start":{"line":69,"column":8},"end":{"line":121,"column":10},"skip":true},"14":{"start":{"line":70,"column":12},"end":{"line":88,"column":13},"skip":true},"15":{"start":{"line":76,"column":16},"end":{"line":87,"column":19},"skip":true},"16":{"start":{"line":79,"column":20},"end":{"line":86,"column":21},"skip":true},"17":{"start":{"line":82,"column":24},"end":{"line":82,"column":43},"skip":true},"18":{"start":{"line":83,"column":24},"end":{"line":83,"column":30},"skip":true},"19":{"start":{"line":85,"column":24},"end":{"line":85,"column":49},"skip":true},"20":{"start":{"line":89,"column":12},"end":{"line":107,"column":13},"skip":true},"21":{"start":{"line":92,"column":16},"end":{"line":102,"column":17},"skip":true},"22":{"start":{"line":93,"column":20},"end":{"line":93,"column":86},"skip":true},"23":{"start":{"line":94,"column":20},"end":{"line":95,"column":45},"skip":true},"24":{"start":{"line":96,"column":20},"end":{"line":96,"column":42},"skip":true},"25":{"start":{"line":97,"column":20},"end":{"line":97,"column":48},"skip":true},"26":{"start":{"line":100,"column":20},"end":{"line":100,"column":85},"skip":true},"27":{"start":{"line":101,"column":20},"end":{"line":101,"column":96},"skip":true},"28":{"start":{"line":103,"column":16},"end":{"line":103,"column":22},"skip":true},"29":{"start":{"line":106,"column":16},"end":{"line":106,"column":22},"skip":true},"30":{"start":{"line":108,"column":12},"end":{"line":120,"column":13},"skip":true},"31":{"start":{"line":114,"column":16},"end":{"line":119,"column":17},"skip":true},"32":{"start":{"line":116,"column":20},"end":{"line":116,"column":78},"skip":true},"33":{"start":{"line":118,"column":20},"end":{"line":118,"column":47},"skip":true},"34":{"start":{"line":123,"column":8},"end":{"line":141,"column":11},"skip":true},"35":{"start":{"line":124,"column":12},"end":{"line":124,"column":54},"skip":true},"36":{"start":{"line":125,"column":12},"end":{"line":140,"column":14},"skip":true},"37":{"start":{"line":126,"column":16},"end":{"line":126,"column":28},"skip":true},"38":{"start":{"line":127,"column":16},"end":{"line":127,"column":69},"skip":true},"39":{"start":{"line":128,"column":16},"end":{"line":128,"column":75},"skip":true},"40":{"start":{"line":129,"column":16},"end":{"line":131,"column":17},"skip":true},"41":{"start":{"line":130,"column":20},"end":{"line":130,"column":27},"skip":true},"42":{"start":{"line":133,"column":16},"end":{"line":137,"column":36},"skip":true},"43":{"start":{"line":134,"column":20},"end":{"line":136,"column":55},"skip":true},"44":{"start":{"line":139,"column":16},"end":{"line":139,"column":57},"skip":true},"45":{"start":{"line":143,"column":8},"end":{"line":147,"column":11},"skip":true},"46":{"start":{"line":144,"column":12},"end":{"line":146,"column":15},"skip":true},"47":{"start":{"line":145,"column":16},"end":{"line":145,"column":70},"skip":true},"48":{"start":{"line":149,"column":8},"end":{"line":149,"column":31},"skip":true},"49":{"start":{"line":150,"column":8},"end":{"line":150,"column":14},"skip":true},"50":{"start":{"line":158,"column":8},"end":{"line":158,"column":31},"skip":true},"51":{"start":{"line":160,"column":8},"end":{"line":160,"column":33},"skip":true},"52":{"start":{"line":161,"column":8},"end":{"line":161,"column":37},"skip":true},"53":{"start":{"line":162,"column":8},"end":{"line":162,"column":35},"skip":true},"54":{"start":{"line":164,"column":8},"end":{"line":164,"column":50},"skip":true},"55":{"start":{"line":166,"column":8},"end":{"line":256,"column":2},"skip":true},"56":{"start":{"line":258,"column":8},"end":{"line":286,"column":9},"skip":true},"57":{"start":{"line":259,"column":12},"end":{"line":269,"column":14},"skip":true},"58":{"start":{"line":271,"column":12},"end":{"line":285,"column":19},"skip":true},"59":{"start":{"line":274,"column":20},"end":{"line":274,"column":35},"skip":true},"60":{"start":{"line":275,"column":20},"end":{"line":284,"column":21},"skip":true},"61":{"start":{"line":277,"column":24},"end":{"line":277,"column":64},"skip":true},"62":{"start":{"line":279,"column":24},"end":{"line":279,"column":40},"skip":true},"63":{"start":{"line":281,"column":24},"end":{"line":281,"column":40},"skip":true},"64":{"start":{"line":283,"column":24},"end":{"line":283,"column":39},"skip":true},"65":{"start":{"line":288,"column":8},"end":{"line":290,"column":9},"skip":true},"66":{"start":{"line":289,"column":12},"end":{"line":289,"column":18},"skip":true},"67":{"start":{"line":291,"column":8},"end":{"line":293,"column":54},"skip":true},"68":{"start":{"line":296,"column":8},"end":{"line":301,"column":37},"skip":true},"69":{"start":{"line":303,"column":8},"end":{"line":303,"column":82},"skip":true},"70":{"start":{"line":306,"column":8},"end":{"line":308,"column":9},"skip":true},"71":{"start":{"line":307,"column":12},"end":{"line":307,"column":82},"skip":true},"72":{"start":{"line":310,"column":8},"end":{"line":312,"column":9},"skip":true},"73":{"start":{"line":311,"column":12},"end":{"line":311,"column":18},"skip":true},"74":{"start":{"line":313,"column":8},"end":{"line":313,"column":54},"skip":true},"75":{"start":{"line":314,"column":8},"end":{"line":314,"column":69},"skip":true},"76":{"start":{"line":315,"column":8},"end":{"line":323,"column":36},"skip":true},"77":{"start":{"line":316,"column":12},"end":{"line":316,"column":61},"skip":true},"78":{"start":{"line":317,"column":12},"end":{"line":320,"column":13},"skip":true},"79":{"start":{"line":318,"column":16},"end":{"line":318,"column":75},"skip":true},"80":{"start":{"line":319,"column":16},"end":{"line":319,"column":23},"skip":true},"81":{"start":{"line":321,"column":12},"end":{"line":321,"column":38},"skip":true},"82":{"start":{"line":322,"column":12},"end":{"line":322,"column":27},"skip":true},"83":{"start":{"line":324,"column":8},"end":{"line":324,"column":14},"skip":true}},"branchMap":{"1":{"line":39,"type":"binary-expr","locations":[{"start":{"line":39,"column":23},"end":{"line":39,"column":62}},{"start":{"line":40,"column":20},"end":{"line":40,"column":70}},{"start":{"line":41,"column":20},"end":{"line":41,"column":71}},{"start":{"line":42,"column":20},"end":{"line":42,"column":29}}]},"2":{"line":44,"type":"binary-expr","locations":[{"start":{"line":44,"column":23},"end":{"line":44,"column":37}},{"start":{"line":45,"column":20},"end":{"line":45,"column":61}},{"start":{"line":46,"column":20},"end":{"line":46,"column":70}},{"start":{"line":47,"column":20},"end":{"line":47,"column":26}}]},"3":{"line":51,"type":"cond-expr","locations":[{"start":{"line":52,"column":14},"end":{"line":52,"column":20}},{"start":{"line":53,"column":14},"end":{"line":53,"column":20}}]},"4":{"line":55,"type":"binary-expr","locations":[{"start":{"line":55,"column":16},"end":{"line":55,"column":44}},{"start":{"line":55,"column":49},"end":{"line":57,"column":43}}]},"5":{"line":55,"type":"cond-expr","locations":[{"start":{"line":56,"column":14},"end":{"line":56,"column":48}},{"start":{"line":57,"column":14},"end":{"line":57,"column":43}}]},"6":{"line":61,"type":"switch","locations":[{"start":{"line":68,"column":4},"end":{"line":150,"column":14},"skip":true},{"start":{"line":156,"column":4},"end":{"line":324,"column":14},"skip":true}]},"7":{"line":70,"type":"if","locations":[{"start":{"line":70,"column":12},"end":{"line":70,"column":12},"skip":true},{"start":{"line":70,"column":12},"end":{"line":70,"column":12},"skip":true}]},"8":{"line":70,"type":"binary-expr","locations":[{"start":{"line":70,"column":16},"end":{"line":70,"column":22},"skip":true},{"start":{"line":70,"column":27},"end":{"line":70,"column":32},"skip":true},{"start":{"line":71,"column":20},"end":{"line":71,"column":39},"skip":true},{"start":{"line":72,"column":20},"end":{"line":72,"column":49},"skip":true},{"start":{"line":73,"column":20},"end":{"line":73,"column":58},"skip":true},{"start":{"line":74,"column":20},"end":{"line":74,"column":69},"skip":true}]},"9":{"line":79,"type":"switch","locations":[{"start":{"line":80,"column":20},"end":{"line":80,"column":33},"skip":true},{"start":{"line":81,"column":20},"end":{"line":83,"column":30},"skip":true},{"start":{"line":84,"column":20},"end":{"line":85,"column":49},"skip":true}]},"10":{"line":89,"type":"switch","locations":[{"start":{"line":90,"column":12},"end":{"line":103,"column":22},"skip":true},{"start":{"line":105,"column":12},"end":{"line":106,"column":22},"skip":true}]},"11":{"line":89,"type":"binary-expr","locations":[{"start":{"line":89,"column":20},"end":{"line":89,"column":25},"skip":true},{"start":{"line":89,"column":29},"end":{"line":89,"column":48},"skip":true},{"start":{"line":89,"column":52},"end":{"line":89,"column":74},"skip":true}]},"12":{"line":92,"type":"if","locations":[{"start":{"line":92,"column":16},"end":{"line":92,"column":16},"skip":true},{"start":{"line":92,"column":16},"end":{"line":92,"column":16},"skip":true}]},"13":{"line":108,"type":"if","locations":[{"start":{"line":108,"column":12},"end":{"line":108,"column":12},"skip":true},{"start":{"line":108,"column":12},"end":{"line":108,"column":12},"skip":true}]},"14":{"line":108,"type":"binary-expr","locations":[{"start":{"line":108,"column":16},"end":{"line":108,"column":61},"skip":true},{"start":{"line":108,"column":66},"end":{"line":108,"column":72},"skip":true},{"start":{"line":108,"column":77},"end":{"line":108,"column":82},"skip":true},{"start":{"line":109,"column":20},"end":{"line":109,"column":39},"skip":true},{"start":{"line":110,"column":20},"end":{"line":110,"column":49},"skip":true},{"start":{"line":111,"column":20},"end":{"line":111,"column":58},"skip":true},{"start":{"line":112,"column":20},"end":{"line":112,"column":68},"skip":true}]},"15":{"line":129,"type":"if","locations":[{"start":{"line":129,"column":16},"end":{"line":129,"column":16},"skip":true},{"start":{"line":129,"column":16},"end":{"line":129,"column":16},"skip":true}]},"16":{"line":134,"type":"cond-expr","locations":[{"start":{"line":135,"column":26},"end":{"line":135,"column":29},"skip":true},{"start":{"line":136,"column":26},"end":{"line":136,"column":54},"skip":true}]},"17":{"line":164,"type":"binary-expr","locations":[{"start":{"line":164,"column":27},"end":{"line":164,"column":43},"skip":true},{"start":{"line":164,"column":47},"end":{"line":164,"column":49},"skip":true}]},"18":{"line":258,"type":"if","locations":[{"start":{"line":258,"column":8},"end":{"line":258,"column":8},"skip":true},{"start":{"line":258,"column":8},"end":{"line":258,"column":8},"skip":true}]},"19":{"line":275,"type":"switch","locations":[{"start":{"line":276,"column":20},"end":{"line":277,"column":64},"skip":true},{"start":{"line":278,"column":20},"end":{"line":279,"column":40},"skip":true},{"start":{"line":280,"column":20},"end":{"line":281,"column":40},"skip":true},{"start":{"line":282,"column":20},"end":{"line":283,"column":39},"skip":true}]},"20":{"line":288,"type":"if","locations":[{"start":{"line":288,"column":8},"end":{"line":288,"column":8},"skip":true},{"start":{"line":288,"column":8},"end":{"line":288,"column":8},"skip":true}]},"21":{"line":288,"type":"binary-expr","locations":[{"start":{"line":288,"column":12},"end":{"line":288,"column":40},"skip":true},{"start":{"line":288,"column":44},"end":{"line":288,"column":67},"skip":true}]},"22":{"line":292,"type":"binary-expr","locations":[{"start":{"line":292,"column":12},"end":{"line":292,"column":50},"skip":true},{"start":{"line":293,"column":12},"end":{"line":293,"column":53},"skip":true}]},"23":{"line":297,"type":"binary-expr","locations":[{"start":{"line":297,"column":12},"end":{"line":297,"column":62},"skip":true},{"start":{"line":298,"column":12},"end":{"line":301,"column":36},"skip":true}]},"24":{"line":303,"type":"binary-expr","locations":[{"start":{"line":303,"column":43},"end":{"line":303,"column":75},"skip":true},{"start":{"line":303,"column":79},"end":{"line":303,"column":81},"skip":true}]},"25":{"line":306,"type":"if","locations":[{"start":{"line":306,"column":8},"end":{"line":306,"column":8},"skip":true},{"start":{"line":306,"column":8},"end":{"line":306,"column":8},"skip":true}]},"26":{"line":310,"type":"if","locations":[{"start":{"line":310,"column":8},"end":{"line":310,"column":8},"skip":true},{"start":{"line":310,"column":8},"end":{"line":310,"column":8},"skip":true}]},"27":{"line":313,"type":"binary-expr","locations":[{"start":{"line":313,"column":27},"end":{"line":313,"column":43},"skip":true},{"start":{"line":313,"column":47},"end":{"line":313,"column":53},"skip":true}]},"28":{"line":317,"type":"if","locations":[{"start":{"line":317,"column":12},"end":{"line":317,"column":12},"skip":true},{"start":{"line":317,"column":12},"end":{"line":317,"column":12},"skip":true}]}},"code":["/*","example.js","","quickstart example","","instruction","    1. save this script as example.js","    2. run the shell command:","        $ npm install npmtest-rbac && PORT=8081 node example.js","    3. play with the browser-demo on http://127.0.0.1:8081","*/","","","","/* istanbul instrument in package npmtest_rbac */","/*jslint","    bitwise: true,","    browser: true,","    maxerr: 8,","    maxlen: 96,","    node: true,","    nomen: true,","    regexp: true,","    stupid: true","*/","(function () {","    'use strict';","    var local;","","","","    // run shared js-env code - pre-init","    (function () {","        // init local","        local = {};","        // init modeJs","        local.modeJs = (function () {","            try {","                return typeof navigator.userAgent === 'string' &&","                    typeof document.querySelector('body') === 'object' &&","                    typeof XMLHttpRequest.prototype.open === 'function' &&","                    'browser';","            } catch (errorCaughtBrowser) {","                return module.exports &&","                    typeof process.versions.node === 'string' &&","                    typeof require('http').createServer === 'function' &&","                    'node';","            }","        }());","        // init global","        local.global = local.modeJs === 'browser'","            ? window","            : global;","        // init utility2_rollup","        local = local.global.utility2_rollup || (local.modeJs === 'browser'","            ? local.global.utility2_npmtest_rbac","            : global.utility2_moduleExports);","        // export local","        local.global.local = local;","    }());","    switch (local.modeJs) {","","","","    // post-init","    // run browser js-env code - post-init","    /* istanbul ignore next */","    case 'browser':","        local.testRunBrowser = function (event) {","            if (!event || (event &&","                    event.currentTarget &&","                    event.currentTarget.className &&","                    event.currentTarget.className.includes &&","                    event.currentTarget.className.includes('onreset'))) {","                // reset output","                Array.from(","                    document.querySelectorAll('body > .resettable')","                ).forEach(function (element) {","                    switch (element.tagName) {","                    case 'INPUT':","                    case 'TEXTAREA':","                        element.value = '';","                        break;","                    default:","                        element.textContent = '';","                    }","                });","            }","            switch (event && event.currentTarget && event.currentTarget.id) {","            case 'testRunButton1':","                // show tests","                if (document.querySelector('#testReportDiv1').style.display === 'none') {","                    document.querySelector('#testReportDiv1').style.display = 'block';","                    document.querySelector('#testRunButton1').textContent =","                        'hide internal test';","                    local.modeTest = true;","                    local.testRunDefault(local);","                // hide tests","                } else {","                    document.querySelector('#testReportDiv1').style.display = 'none';","                    document.querySelector('#testRunButton1').textContent = 'run internal test';","                }","                break;","            // custom-case","            default:","                break;","            }","            if (document.querySelector('#inputTextareaEval1') && (!event || (event &&","                    event.currentTarget &&","                    event.currentTarget.className &&","                    event.currentTarget.className.includes &&","                    event.currentTarget.className.includes('oneval')))) {","                // try to eval input-code","                try {","                    /*jslint evil: true*/","                    eval(document.querySelector('#inputTextareaEval1').value);","                } catch (errorCaught) {","                    console.error(errorCaught);","                }","            }","        };","        // log stderr and stdout to #outputTextareaStdout1","        ['error', 'log'].forEach(function (key) {","            console[key + '_original'] = console[key];","            console[key] = function () {","                var element;","                console[key + '_original'].apply(console, arguments);","                element = document.querySelector('#outputTextareaStdout1');","                if (!element) {","                    return;","                }","                // append text to #outputTextareaStdout1","                element.value += Array.from(arguments).map(function (arg) {","                    return typeof arg === 'string'","                        ? arg","                        : JSON.stringify(arg, null, 4);","                }).join(' ') + '\\n';","                // scroll textarea to bottom","                element.scrollTop = element.scrollHeight;","            };","        });","        // init event-handling","        ['change', 'click', 'keyup'].forEach(function (event) {","            Array.from(document.querySelectorAll('.on' + event)).forEach(function (element) {","                element.addEventListener(event, local.testRunBrowser);","            });","        });","        // run tests","        local.testRunBrowser();","        break;","","","","    // run node js-env code - post-init","    /* istanbul ignore next */","    case 'node':","        // export local","        module.exports = local;","        // require modules","        local.fs = require('fs');","        local.http = require('http');","        local.url = require('url');","        // init assets","        local.assetsDict = local.assetsDict || {};","        /* jslint-ignore-begin */","        local.assetsDict['/assets.index.template.html'] = '\\","<!doctype html>\\n\\","<html lang=\"en\">\\n\\","<head>\\n\\","<meta charset=\"UTF-8\">\\n\\","<meta name=\"viewport\" content=\"width=device-width, initial-scale=1\">\\n\\","<title>{{env.npm_package_name}} (v{{env.npm_package_version}})</title>\\n\\","<style>\\n\\","/*csslint\\n\\","    box-sizing: false,\\n\\","    universal-selector: false\\n\\","*/\\n\\","* {\\n\\","    box-sizing: border-box;\\n\\","}\\n\\","body {\\n\\","    background: #dde;\\n\\","    font-family: Arial, Helvetica, sans-serif;\\n\\","    margin: 2rem;\\n\\","}\\n\\","body > * {\\n\\","    margin-bottom: 1rem;\\n\\","}\\n\\",".utility2FooterDiv {\\n\\","    margin-top: 20px;\\n\\","    text-align: center;\\n\\","}\\n\\","</style>\\n\\","<style>\\n\\","/*csslint\\n\\","*/\\n\\","textarea {\\n\\","    font-family: monospace;\\n\\","    height: 10rem;\\n\\","    width: 100%;\\n\\","}\\n\\","textarea[readonly] {\\n\\","    background: #ddd;\\n\\","}\\n\\","</style>\\n\\","</head>\\n\\","<body>\\n\\","<!-- utility2-comment\\n\\","<div id=\"ajaxProgressDiv1\" style=\"background: #d00; height: 2px; left: 0; margin: 0; padding: 0; position: fixed; top: 0; transition: background 0.5s, width 1.5s; width: 25%;\"></div>\\n\\","utility2-comment -->\\n\\","<h1>\\n\\","<!-- utility2-comment\\n\\","    <a\\n\\","        {{#if env.npm_package_homepage}}\\n\\","        href=\"{{env.npm_package_homepage}}\"\\n\\","        {{/if env.npm_package_homepage}}\\n\\","        target=\"_blank\"\\n\\","    >\\n\\","utility2-comment -->\\n\\","        {{env.npm_package_name}} (v{{env.npm_package_version}})\\n\\","<!-- utility2-comment\\n\\","    </a>\\n\\","utility2-comment -->\\n\\","</h1>\\n\\","<h3>{{env.npm_package_description}}</h3>\\n\\","<!-- utility2-comment\\n\\","<h4><a download href=\"assets.app.js\">download standalone app</a></h4>\\n\\","<button class=\"onclick onreset\" id=\"testRunButton1\">run internal test</button><br>\\n\\","<div id=\"testReportDiv1\" style=\"display: none;\"></div>\\n\\","utility2-comment -->\\n\\","\\n\\","\\n\\","\\n\\","<label>stderr and stdout</label>\\n\\","<textarea class=\"resettable\" id=\"outputTextareaStdout1\" readonly></textarea>\\n\\","<!-- utility2-comment\\n\\","{{#if isRollup}}\\n\\","<script src=\"assets.app.js\"></script>\\n\\","{{#unless isRollup}}\\n\\","utility2-comment -->\\n\\","<script src=\"assets.utility2.rollup.js\"></script>\\n\\","<script src=\"jsonp.utility2._stateInit?callback=window.utility2._stateInit\"></script>\\n\\","<script src=\"assets.npmtest_rbac.rollup.js\"></script>\\n\\","<script src=\"assets.example.js\"></script>\\n\\","<script src=\"assets.test.js\"></script>\\n\\","<!-- utility2-comment\\n\\","{{/if isRollup}}\\n\\","utility2-comment -->\\n\\","<div class=\"utility2FooterDiv\">\\n\\","    [ this app was created with\\n\\","    <a href=\"https://github.com/kaizhu256/node-utility2\" target=\"_blank\">utility2</a>\\n\\","    ]\\n\\","</div>\\n\\","</body>\\n\\","</html>\\n\\","';","        /* jslint-ignore-end */","        if (local.templateRender) {","            local.assetsDict['/'] = local.templateRender(","                local.assetsDict['/assets.index.template.html'],","                {","                    env: local.objectSetDefault(local.env, {","                        npm_package_description: 'the greatest app in the world!',","                        npm_package_name: 'my-app',","                        npm_package_nameAlias: 'my_app',","                        npm_package_version: '0.0.1'","                    })","                }","            );","        } else {","            local.assetsDict['/'] = local.assetsDict['/assets.index.template.html']","                .replace((/\\{\\{env\\.(\\w+?)\\}\\}/g), function (match0, match1) {","                    // jslint-hack","                    String(match0);","                    switch (match1) {","                    case 'npm_package_description':","                        return 'the greatest app in the world!';","                    case 'npm_package_name':","                        return 'my-app';","                    case 'npm_package_nameAlias':","                        return 'my_app';","                    case 'npm_package_version':","                        return '0.0.1';","                    }","                });","        }","        // run the cli","        if (local.global.utility2_rollup || module !== require.main) {","            break;","        }","        local.assetsDict['/assets.example.js'] =","            local.assetsDict['/assets.example.js'] ||","            local.fs.readFileSync(__filename, 'utf8');","        // bug-workaround - long $npm_package_buildCustomOrg","        /* jslint-ignore-begin */","        local.assetsDict['/assets.npmtest_rbac.rollup.js'] =","            local.assetsDict['/assets.npmtest_rbac.rollup.js'] ||","            local.fs.readFileSync(","                local.npmtest_rbac.__dirname + '/lib.npmtest_rbac.js',","                'utf8'","            ).replace((/^#!/), '//');","        /* jslint-ignore-end */","        local.assetsDict['/favicon.ico'] = local.assetsDict['/favicon.ico'] || '';","        // if $npm_config_timeout_exit exists,","        // then exit this process after $npm_config_timeout_exit ms","        if (Number(process.env.npm_config_timeout_exit)) {","            setTimeout(process.exit, Number(process.env.npm_config_timeout_exit));","        }","        // start server","        if (local.global.utility2_serverHttp1) {","            break;","        }","        process.env.PORT = process.env.PORT || '8081';","        console.error('server starting on port ' + process.env.PORT);","        local.http.createServer(function (request, response) {","            request.urlParsed = local.url.parse(request.url);","            if (local.assetsDict[request.urlParsed.pathname] !== undefined) {","                response.end(local.assetsDict[request.urlParsed.pathname]);","                return;","            }","            response.statusCode = 404;","            response.end();","        }).listen(process.env.PORT);","        break;","    }","}());",""],"l":{"26":2,"28":2,"33":2,"35":2,"37":2,"38":2,"39":2,"44":1,"51":2,"55":2,"59":2,"61":2,"69":1,"70":2,"76":2,"79":2,"82":2,"83":2,"85":1,"89":2,"92":1,"93":1,"94":1,"96":1,"97":1,"100":1,"101":1,"103":1,"106":1,"108":2,"114":1,"116":1,"118":1,"123":1,"124":2,"125":2,"126":3,"127":3,"128":3,"129":3,"130":1,"133":3,"134":3,"139":3,"143":1,"144":3,"145":1,"149":1,"150":1,"158":1,"160":1,"161":1,"162":1,"164":1,"166":1,"258":1,"259":1,"271":1,"274":6,"275":6,"277":1,"279":2,"281":1,"283":2,"288":1,"289":1,"291":1,"296":1,"303":1,"306":1,"307":1,"310":1,"311":1,"313":1,"314":1,"315":1,"316":1,"317":1,"318":1,"319":1,"321":1,"322":1,"324":1}},"/home/travis/build/npmtest/node-npmtest-rbac/node_modules/rbac/dist/index.js":{"path":"/home/travis/build/npmtest/node-npmtest-rbac/node_modules/rbac/dist/index.js","s":{"1":1,"2":1,"3":1,"4":1,"5":1,"6":1,"7":1,"8":1,"9":1,"10":1,"11":1,"12":1,"13":1,"14":1,"15":1,"16":6,"17":1,"18":1,"19":1,"20":1,"21":1,"22":1},"b":{"1":[6,0],"2":[6,6]},"f":{"1":6},"fnMap":{"1":{"name":"_interopRequireDefault","line":32,"loc":{"start":{"line":32,"column":0},"end":{"line":32,"column":37}}}},"statementMap":{"1":{"start":{"line":3,"column":0},"end":{"line":5,"column":3}},"2":{"start":{"line":6,"column":0},"end":{"line":6,"column":100}},"3":{"start":{"line":8,"column":0},"end":{"line":8,"column":30}},"4":{"start":{"line":10,"column":0},"end":{"line":10,"column":43}},"5":{"start":{"line":12,"column":0},"end":{"line":12,"column":30}},"6":{"start":{"line":14,"column":0},"end":{"line":14,"column":43}},"7":{"start":{"line":16,"column":0},"end":{"line":16,"column":42}},"8":{"start":{"line":18,"column":0},"end":{"line":18,"column":55}},"9":{"start":{"line":20,"column":0},"end":{"line":20,"column":38}},"10":{"start":{"line":22,"column":0},"end":{"line":22,"column":51}},"11":{"start":{"line":24,"column":0},"end":{"line":24,"column":47}},"12":{"start":{"line":26,"column":0},"end":{"line":26,"column":51}},"13":{"start":{"line":28,"column":0},"end":{"line":28,"column":43}},"14":{"start":{"line":30,"column":0},"end":{"line":30,"column":47}},"15":{"start":{"line":32,"column":0},"end":{"line":32,"column":95}},"16":{"start":{"line":32,"column":39},"end":{"line":32,"column":93}},"17":{"start":{"line":34,"column":0},"end":{"line":34,"column":30}},"18":{"start":{"line":35,"column":0},"end":{"line":35,"column":42}},"19":{"start":{"line":36,"column":0},"end":{"line":36,"column":37}},"20":{"start":{"line":37,"column":0},"end":{"line":37,"column":34}},"21":{"start":{"line":38,"column":0},"end":{"line":38,"column":38}},"22":{"start":{"line":39,"column":0},"end":{"line":39,"column":33}}},"branchMap":{"1":{"line":32,"type":"cond-expr","locations":[{"start":{"line":32,"column":70},"end":{"line":32,"column":73}},{"start":{"line":32,"column":76},"end":{"line":32,"column":92}}]},"2":{"line":32,"type":"binary-expr","locations":[{"start":{"line":32,"column":46},"end":{"line":32,"column":49}},{"start":{"line":32,"column":53},"end":{"line":32,"column":67}}]}},"code":["'use strict';","","Object.defineProperty(exports, \"__esModule\", {","  value: true","});","exports.Mongoose = exports.Memory = exports.Storage = exports.Permission = exports.Role = undefined;","","var _RBAC = require('./RBAC');","","var _RBAC2 = _interopRequireDefault(_RBAC);","","var _Role = require('./Role');","","var _Role2 = _interopRequireDefault(_Role);","","var _Permission = require('./Permission');","","var _Permission2 = _interopRequireDefault(_Permission);","","var _storages = require('./storages');","","var _storages2 = _interopRequireDefault(_storages);","","var _Mongoose = require('./storages/Mongoose');","","var _Mongoose2 = _interopRequireDefault(_Mongoose);","","var _Memory = require('./storages/Memory');","","var _Memory2 = _interopRequireDefault(_Memory);","","function _interopRequireDefault(obj) { return obj && obj.__esModule ? obj : { default: obj }; }","","exports.Role = _Role2.default;","exports.Permission = _Permission2.default;","exports.Storage = _storages2.default;","exports.Memory = _Memory2.default;","exports.Mongoose = _Mongoose2.default;","exports.default = _RBAC2.default;"],"l":{"3":1,"6":1,"8":1,"10":1,"12":1,"14":1,"16":1,"18":1,"20":1,"22":1,"24":1,"26":1,"28":1,"30":1,"32":6,"34":1,"35":1,"36":1,"37":1,"38":1,"39":1}},"/home/travis/build/npmtest/node-npmtest-rbac/node_modules/rbac/dist/RBAC.js":{"path":"/home/travis/build/npmtest/node-npmtest-rbac/node_modules/rbac/dist/RBAC.js","s":{"1":1,"2":1,"3":1,"4":2,"5":33,"6":33,"7":33,"8":33,"9":31,"10":33,"11":1,"12":1,"13":1,"14":1,"15":1,"16":1,"17":1,"18":1,"19":1,"20":1,"21":1,"22":1,"23":1,"24":1,"25":1,"26":1,"27":4,"28":1,"29":0,"30":0,"31":1,"32":1,"33":0,"34":0,"35":0,"36":0,"37":0,"38":0,"39":0,"40":0,"41":0,"42":0,"43":0,"44":0,"45":0,"46":0,"47":1,"48":0,"49":0,"50":0,"51":0,"52":0,"53":0,"54":0,"55":0,"56":0,"57":0,"58":0,"59":0,"60":0,"61":0,"62":0,"63":0,"64":0,"65":0,"66":0,"67":0,"68":0,"69":0,"70":0,"71":0,"72":0,"73":0,"74":0,"75":0,"76":0,"77":0,"78":0,"79":0,"80":0,"81":0,"82":0,"83":0,"84":0,"85":0,"86":0,"87":0,"88":0,"89":0,"90":0,"91":0,"92":0,"93":0,"94":0,"95":0,"96":0,"97":0,"98":0,"99":0,"100":0,"101":0,"102":0,"103":0,"104":0,"105":0,"106":0,"107":0,"108":0,"109":0,"110":0,"111":0,"112":0,"113":0,"114":0,"115":0,"116":0,"117":0,"118":0,"119":0,"120":0,"121":0,"122":0,"123":0,"124":0,"125":0,"126":0,"127":0,"128":0,"129":0,"130":0,"131":0,"132":0,"133":0,"134":0,"135":0,"136":0,"137":0,"138":0,"139":0,"140":0,"141":0,"142":0,"143":0,"144":0,"145":0,"146":0,"147":0,"148":0,"149":0,"150":0,"151":0,"152":0,"153":0,"154":0,"155":0,"156":0,"157":0,"158":0,"159":0,"160":0,"161":0,"162":0,"163":0,"164":0,"165":0,"166":0,"167":0,"168":0,"169":0,"170":0,"171":0,"172":0,"173":0,"174":0,"175":0,"176":0,"177":0,"178":0,"179":0,"180":0,"181":0,"182":0,"183":0,"184":0,"185":0,"186":0,"187":0,"188":0,"189":0,"190":0,"191":0,"192":0,"193":0,"194":0,"195":0,"196":0,"197":0,"198":0,"199":0,"200":0,"201":0,"202":0,"203":0,"204":0,"205":0,"206":0,"207":0,"208":0,"209":0,"210":0,"211":0,"212":0,"213":0,"214":0,"215":0,"216":0,"217":0,"218":0,"219":0,"220":0,"221":0,"222":0,"223":0,"224":0,"225":0,"226":0,"227":0,"228":0,"229":0,"230":0,"231":0,"232":0,"233":0,"234":0,"235":0,"236":0,"237":0,"238":0,"239":0,"240":0,"241":0,"242":0,"243":0,"244":0,"245":0,"246":0,"247":0,"248":0,"249":1,"250":1},"b":{"1":[33,33],"2":[31,2],"3":[1,0],"4":[1,0],"5":[3,1],"6":[4,4],"7":[0,0],"8":[0,0],"9":[0,0],"10":[0,0],"11":[0,0],"12":[0,0],"13":[0,0],"14":[0,0],"15":[0,0],"16":[0,0],"17":[0,0],"18":[0,0],"19":[0,0],"20":[0,0],"21":[0,0],"22":[0,0],"23":[0,0],"24":[0,0],"25":[0,0],"26":[0,0],"27":[0,0],"28":[0,0],"29":[0,0],"30":[0,0],"31":[0,0],"32":[0,0],"33":[0,0],"34":[0,0],"35":[0,0],"36":[0,0],"37":[0,0],"38":[0,0],"39":[0,0],"40":[0,0],"41":[0,0],"42":[0,0],"43":[0,0],"44":[0,0],"45":[0,0],"46":[0,0],"47":[0,0],"48":[0,0],"49":[0,0],"50":[0,0],"51":[0,0],"52":[0,0],"53":[0,0],"54":[0,0],"55":[0,0],"56":[0,0],"57":[0,0],"58":[0,0],"59":[0,0],"60":[0,0],"61":[0,0],"62":[0,0],"63":[0,0],"64":[0,0,0],"65":[0,0],"66":[0,0],"67":[0,0],"68":[0,0],"69":[0,0],"70":[0,0],"71":[0,0],"72":[0,0],"73":[0,0],"74":[0,0]},"f":{"1":1,"2":2,"3":1,"4":4,"5":0,"6":1,"7":0,"8":0,"9":0,"10":0,"11":0,"12":0,"13":0,"14":0,"15":0,"16":0,"17":0,"18":0,"19":0,"20":0,"21":0,"22":0,"23":0,"24":0,"25":0,"26":0,"27":0,"28":0,"29":0,"30":0,"31":0,"32":0,"33":0,"34":0,"35":0,"36":0,"37":0,"38":0,"39":0,"40":0,"41":0,"42":0,"43":0,"44":0,"45":0,"46":0,"47":0,"48":0,"49":0,"50":0,"51":0,"52":0,"53":0,"54":0,"55":0,"56":0,"57":0,"58":0,"59":0,"60":0,"61":0,"62":0,"63":0,"64":0,"65":0,"66":0,"67":0},"fnMap":{"1":{"name":"(anonymous_1)","line":7,"loc":{"start":{"line":7,"column":19},"end":{"line":7,"column":31}}},"2":{"name":"defineProperties","line":7,"loc":{"start":{"line":7,"column":33},"end":{"line":7,"column":74}}},"3":{"name":"(anonymous_3)","line":7,"loc":{"start":{"line":7,"column":357},"end":{"line":7,"column":405}}},"4":{"name":"_interopRequireDefault","line":27,"loc":{"start":{"line":27,"column":0},"end":{"line":27,"column":37}}},"5":{"name":"_classCallCheck","line":29,"loc":{"start":{"line":29,"column":0},"end":{"line":29,"column":48}}},"6":{"name":"(anonymous_6)","line":31,"loc":{"start":{"line":31,"column":11},"end":{"line":31,"column":23}}},"7":{"name":"RBAC","line":42,"loc":{"start":{"line":42,"column":2},"end":{"line":42,"column":18}}},"8":{"name":"(anonymous_8)","line":46,"loc":{"start":{"line":46,"column":87},"end":{"line":46,"column":99}}},"9":{"name":"(anonymous_9)","line":60,"loc":{"start":{"line":60,"column":44},"end":{"line":60,"column":59}}},"10":{"name":"add","line":86,"loc":{"start":{"line":86,"column":11},"end":{"line":86,"column":34}}},"11":{"name":"get","line":109,"loc":{"start":{"line":109,"column":11},"end":{"line":109,"column":34}}},"12":{"name":"remove","line":124,"loc":{"start":{"line":124,"column":11},"end":{"line":124,"column":37}}},"13":{"name":"removeByName","line":147,"loc":{"start":{"line":147,"column":11},"end":{"line":147,"column":43}}},"14":{"name":"(anonymous_14)","line":148,"loc":{"start":{"line":148,"column":21},"end":{"line":148,"column":42}}},"15":{"name":"grant","line":174,"loc":{"start":{"line":174,"column":11},"end":{"line":174,"column":43}}},"16":{"name":"revoke","line":202,"loc":{"start":{"line":202,"column":11},"end":{"line":202,"column":44}}},"17":{"name":"revokeByName","line":226,"loc":{"start":{"line":226,"column":11},"end":{"line":226,"column":58}}},"18":{"name":"role","line":230,"loc":{"start":{"line":230,"column":14},"end":{"line":230,"column":38}}},"19":{"name":"child","line":233,"loc":{"start":{"line":233,"column":15},"end":{"line":233,"column":40}}},"20":{"name":"(anonymous_20)","line":236,"loc":{"start":{"line":236,"column":9},"end":{"line":236,"column":33}}},"21":{"name":"grantByName","line":258,"loc":{"start":{"line":258,"column":11},"end":{"line":258,"column":57}}},"22":{"name":"role","line":262,"loc":{"start":{"line":262,"column":14},"end":{"line":262,"column":38}}},"23":{"name":"child","line":265,"loc":{"start":{"line":265,"column":15},"end":{"line":265,"column":40}}},"24":{"name":"(anonymous_24)","line":268,"loc":{"start":{"line":268,"column":9},"end":{"line":268,"column":33}}},"25":{"name":"createRole","line":289,"loc":{"start":{"line":289,"column":11},"end":{"line":289,"column":50}}},"26":{"name":"createPermission","line":305,"loc":{"start":{"line":305,"column":11},"end":{"line":305,"column":64}}},"27":{"name":"exists","line":319,"loc":{"start":{"line":319,"column":11},"end":{"line":319,"column":37}}},"28":{"name":"existsRole","line":334,"loc":{"start":{"line":334,"column":11},"end":{"line":334,"column":41}}},"29":{"name":"existsPermission","line":350,"loc":{"start":{"line":350,"column":11},"end":{"line":350,"column":59}}},"30":{"name":"getRole","line":365,"loc":{"start":{"line":365,"column":11},"end":{"line":365,"column":38}}},"31":{"name":"getRoles","line":379,"loc":{"start":{"line":379,"column":11},"end":{"line":379,"column":33}}},"32":{"name":"getPermission","line":395,"loc":{"start":{"line":395,"column":11},"end":{"line":395,"column":56}}},"33":{"name":"getPermissionByName","line":410,"loc":{"start":{"line":410,"column":11},"end":{"line":410,"column":50}}},"34":{"name":"getPermissions","line":425,"loc":{"start":{"line":425,"column":11},"end":{"line":425,"column":39}}},"35":{"name":"createPermissions","line":441,"loc":{"start":{"line":441,"column":11},"end":{"line":441,"column":58}}},"36":{"name":"(anonymous_36)","line":454,"loc":{"start":{"line":454,"column":37},"end":{"line":454,"column":57}}},"37":{"name":"(anonymous_37)","line":455,"loc":{"start":{"line":455,"column":36},"end":{"line":455,"column":54}}},"38":{"name":"(anonymous_38)","line":457,"loc":{"start":{"line":457,"column":24},"end":{"line":457,"column":44}}},"39":{"name":"createRoles","line":478,"loc":{"start":{"line":478,"column":11},"end":{"line":478,"column":52}}},"40":{"name":"(anonymous_40)","line":487,"loc":{"start":{"line":487,"column":24},"end":{"line":487,"column":44}}},"41":{"name":"(anonymous_41)","line":488,"loc":{"start":{"line":488,"column":26},"end":{"line":488,"column":46}}},"42":{"name":"grants","line":507,"loc":{"start":{"line":507,"column":11},"end":{"line":507,"column":38}}},"43":{"name":"(anonymous_43)","line":516,"loc":{"start":{"line":516,"column":33},"end":{"line":516,"column":49}}},"44":{"name":"(anonymous_44)","line":517,"loc":{"start":{"line":517,"column":28},"end":{"line":517,"column":45}}},"45":{"name":"(anonymous_45)","line":518,"loc":{"start":{"line":518,"column":21},"end":{"line":518,"column":41}}},"46":{"name":"create","line":540,"loc":{"start":{"line":540,"column":11},"end":{"line":540,"column":67}}},"47":{"name":"permissions","line":548,"loc":{"start":{"line":548,"column":21},"end":{"line":548,"column":52}}},"48":{"name":"roles","line":551,"loc":{"start":{"line":551,"column":15},"end":{"line":551,"column":40}}},"49":{"name":"(anonymous_49)","line":556,"loc":{"start":{"line":556,"column":34},"end":{"line":556,"column":57}}},"50":{"name":"(anonymous_50)","line":562,"loc":{"start":{"line":562,"column":30},"end":{"line":562,"column":46}}},"51":{"name":"_traverseGrants","line":586,"loc":{"start":{"line":586,"column":11},"end":{"line":586,"column":50}}},"52":{"name":"(anonymous_52)","line":595,"loc":{"start":{"line":595,"column":41},"end":{"line":595,"column":56}}},"53":{"name":"can","line":638,"loc":{"start":{"line":638,"column":11},"end":{"line":638,"column":56}}},"54":{"name":"(anonymous_54)","line":639,"loc":{"start":{"line":639,"column":37},"end":{"line":639,"column":58}}},"55":{"name":"canAny","line":671,"loc":{"start":{"line":671,"column":11},"end":{"line":671,"column":54}}},"56":{"name":"(anonymous_56)","line":676,"loc":{"start":{"line":676,"column":37},"end":{"line":676,"column":58}}},"57":{"name":"canAll","line":708,"loc":{"start":{"line":708,"column":11},"end":{"line":708,"column":54}}},"58":{"name":"(anonymous_58)","line":715,"loc":{"start":{"line":715,"column":37},"end":{"line":715,"column":58}}},"59":{"name":"hasRole","line":752,"loc":{"start":{"line":752,"column":11},"end":{"line":752,"column":57}}},"60":{"name":"(anonymous_60)","line":758,"loc":{"start":{"line":758,"column":37},"end":{"line":758,"column":58}}},"61":{"name":"getScope","line":789,"loc":{"start":{"line":789,"column":11},"end":{"line":789,"column":43}}},"62":{"name":"(anonymous_62)","line":793,"loc":{"start":{"line":793,"column":37},"end":{"line":793,"column":58}}},"63":{"name":"get","line":823,"loc":{"start":{"line":823,"column":9},"end":{"line":823,"column":24}}},"64":{"name":"get","line":834,"loc":{"start":{"line":834,"column":9},"end":{"line":834,"column":24}}},"65":{"name":"getPermissionNames","line":839,"loc":{"start":{"line":839,"column":11},"end":{"line":839,"column":52}}},"66":{"name":"isPermission","line":851,"loc":{"start":{"line":851,"column":11},"end":{"line":851,"column":39}}},"67":{"name":"isRole","line":856,"loc":{"start":{"line":856,"column":11},"end":{"line":856,"column":33}}}},"statementMap":{"1":{"start":{"line":3,"column":0},"end":{"line":5,"column":3}},"2":{"start":{"line":7,"column":0},"end":{"line":7,"column":564}},"3":{"start":{"line":7,"column":33},"end":{"line":7,"column":349}},"4":{"start":{"line":7,"column":76},"end":{"line":7,"column":347}},"5":{"start":{"line":7,"column":117},"end":{"line":7,"column":143}},"6":{"start":{"line":7,"column":144},"end":{"line":7,"column":199}},"7":{"start":{"line":7,"column":200},"end":{"line":7,"column":231}},"8":{"start":{"line":7,"column":232},"end":{"line":7,"column":286}},"9":{"start":{"line":7,"column":259},"end":{"line":7,"column":286}},"10":{"start":{"line":7,"column":287},"end":{"line":7,"column":345}},"11":{"start":{"line":7,"column":350},"end":{"line":7,"column":559}},"12":{"start":{"line":7,"column":407},"end":{"line":7,"column":475}},"13":{"start":{"line":7,"column":423},"end":{"line":7,"column":475}},"14":{"start":{"line":7,"column":476},"end":{"line":7,"column":536}},"15":{"start":{"line":7,"column":493},"end":{"line":7,"column":536}},"16":{"start":{"line":7,"column":537},"end":{"line":7,"column":556}},"17":{"start":{"line":9,"column":0},"end":{"line":9,"column":53}},"18":{"start":{"line":11,"column":0},"end":{"line":11,"column":61}},"19":{"start":{"line":13,"column":0},"end":{"line":13,"column":30}},"20":{"start":{"line":15,"column":0},"end":{"line":15,"column":30}},"21":{"start":{"line":17,"column":0},"end":{"line":17,"column":43}},"22":{"start":{"line":19,"column":0},"end":{"line":19,"column":42}},"23":{"start":{"line":21,"column":0},"end":{"line":21,"column":55}},"24":{"start":{"line":23,"column":0},"end":{"line":23,"column":43}},"25":{"start":{"line":25,"column":0},"end":{"line":25,"column":47}},"26":{"start":{"line":27,"column":0},"end":{"line":27,"column":95}},"27":{"start":{"line":27,"column":39},"end":{"line":27,"column":93}},"28":{"start":{"line":29,"column":0},"end":{"line":29,"column":153}},"29":{"start":{"line":29,"column":50},"end":{"line":29,"column":151}},"30":{"start":{"line":29,"column":92},"end":{"line":29,"column":149}},"31":{"start":{"line":31,"column":0},"end":{"line":862,"column":4}},"32":{"start":{"line":42,"column":2},"end":{"line":67,"column":3}},"33":{"start":{"line":43,"column":4},"end":{"line":43,"column":21}},"34":{"start":{"line":45,"column":4},"end":{"line":45,"column":89}},"35":{"start":{"line":46,"column":4},"end":{"line":46,"column":102}},"36":{"start":{"line":48,"column":4},"end":{"line":48,"column":32}},"37":{"start":{"line":50,"column":4},"end":{"line":50,"column":64}},"38":{"start":{"line":52,"column":4},"end":{"line":52,"column":28}},"39":{"start":{"line":54,"column":4},"end":{"line":54,"column":29}},"40":{"start":{"line":56,"column":4},"end":{"line":56,"column":48}},"41":{"start":{"line":57,"column":4},"end":{"line":57,"column":36}},"42":{"start":{"line":58,"column":4},"end":{"line":58,"column":38}},"43":{"start":{"line":60,"column":4},"end":{"line":66,"column":7}},"44":{"start":{"line":61,"column":6},"end":{"line":63,"column":7}},"45":{"start":{"line":62,"column":8},"end":{"line":62,"column":29}},"46":{"start":{"line":65,"column":6},"end":{"line":65,"column":35}},"47":{"start":{"line":75,"column":2},"end":{"line":859,"column":6}},"48":{"start":{"line":87,"column":6},"end":{"line":89,"column":7}},"49":{"start":{"line":88,"column":8},"end":{"line":88,"column":50}},"50":{"start":{"line":91,"column":6},"end":{"line":93,"column":7}},"51":{"start":{"line":92,"column":8},"end":{"line":92,"column":76}},"52":{"start":{"line":95,"column":6},"end":{"line":95,"column":33}},"53":{"start":{"line":96,"column":6},"end":{"line":96,"column":18}},"54":{"start":{"line":110,"column":6},"end":{"line":110,"column":33}},"55":{"start":{"line":111,"column":6},"end":{"line":111,"column":18}},"56":{"start":{"line":125,"column":6},"end":{"line":127,"column":7}},"57":{"start":{"line":126,"column":8},"end":{"line":126,"column":50}},"58":{"start":{"line":129,"column":6},"end":{"line":131,"column":7}},"59":{"start":{"line":130,"column":8},"end":{"line":130,"column":76}},"60":{"start":{"line":133,"column":6},"end":{"line":133,"column":36}},"61":{"start":{"line":134,"column":6},"end":{"line":134,"column":18}},"62":{"start":{"line":148,"column":6},"end":{"line":158,"column":9}},"63":{"start":{"line":149,"column":8},"end":{"line":151,"column":9}},"64":{"start":{"line":150,"column":10},"end":{"line":150,"column":25}},"65":{"start":{"line":153,"column":8},"end":{"line":155,"column":9}},"66":{"start":{"line":154,"column":10},"end":{"line":154,"column":33}},"67":{"start":{"line":157,"column":8},"end":{"line":157,"column":24}},"68":{"start":{"line":160,"column":6},"end":{"line":160,"column":18}},"69":{"start":{"line":175,"column":6},"end":{"line":177,"column":7}},"70":{"start":{"line":176,"column":8},"end":{"line":176,"column":57}},"71":{"start":{"line":179,"column":6},"end":{"line":181,"column":7}},"72":{"start":{"line":180,"column":8},"end":{"line":180,"column":76}},"73":{"start":{"line":183,"column":6},"end":{"line":185,"column":7}},"74":{"start":{"line":184,"column":8},"end":{"line":184,"column":61}},"75":{"start":{"line":187,"column":6},"end":{"line":187,"column":42}},"76":{"start":{"line":188,"column":6},"end":{"line":188,"column":18}},"77":{"start":{"line":203,"column":6},"end":{"line":205,"column":7}},"78":{"start":{"line":204,"column":8},"end":{"line":204,"column":57}},"79":{"start":{"line":207,"column":6},"end":{"line":209,"column":7}},"80":{"start":{"line":208,"column":8},"end":{"line":208,"column":76}},"81":{"start":{"line":211,"column":6},"end":{"line":211,"column":43}},"82":{"start":{"line":212,"column":6},"end":{"line":212,"column":18}},"83":{"start":{"line":227,"column":6},"end":{"line":227,"column":24}},"84":{"start":{"line":229,"column":6},"end":{"line":242,"column":9}},"85":{"start":{"line":231,"column":10},"end":{"line":231,"column":48}},"86":{"start":{"line":234,"column":10},"end":{"line":234,"column":49}},"87":{"start":{"line":237,"column":8},"end":{"line":239,"column":9}},"88":{"start":{"line":238,"column":10},"end":{"line":238,"column":25}},"89":{"start":{"line":241,"column":8},"end":{"line":241,"column":55}},"90":{"start":{"line":244,"column":6},"end":{"line":244,"column":18}},"91":{"start":{"line":259,"column":6},"end":{"line":259,"column":24}},"92":{"start":{"line":261,"column":6},"end":{"line":274,"column":9}},"93":{"start":{"line":263,"column":10},"end":{"line":263,"column":48}},"94":{"start":{"line":266,"column":10},"end":{"line":266,"column":49}},"95":{"start":{"line":269,"column":8},"end":{"line":271,"column":9}},"96":{"start":{"line":270,"column":10},"end":{"line":270,"column":25}},"97":{"start":{"line":273,"column":8},"end":{"line":273,"column":54}},"98":{"start":{"line":276,"column":6},"end":{"line":276,"column":18}},"99":{"start":{"line":290,"column":6},"end":{"line":290,"column":57}},"100":{"start":{"line":306,"column":6},"end":{"line":306,"column":71}},"101":{"start":{"line":320,"column":6},"end":{"line":320,"column":36}},"102":{"start":{"line":321,"column":6},"end":{"line":321,"column":18}},"103":{"start":{"line":335,"column":6},"end":{"line":335,"column":40}},"104":{"start":{"line":336,"column":6},"end":{"line":336,"column":18}},"105":{"start":{"line":351,"column":6},"end":{"line":351,"column":58}},"106":{"start":{"line":352,"column":6},"end":{"line":352,"column":18}},"107":{"start":{"line":366,"column":6},"end":{"line":366,"column":37}},"108":{"start":{"line":367,"column":6},"end":{"line":367,"column":18}},"109":{"start":{"line":380,"column":6},"end":{"line":380,"column":32}},"110":{"start":{"line":381,"column":6},"end":{"line":381,"column":18}},"111":{"start":{"line":396,"column":6},"end":{"line":396,"column":55}},"112":{"start":{"line":397,"column":6},"end":{"line":397,"column":18}},"113":{"start":{"line":411,"column":6},"end":{"line":411,"column":55}},"114":{"start":{"line":412,"column":6},"end":{"line":412,"column":65}},"115":{"start":{"line":413,"column":6},"end":{"line":413,"column":18}},"116":{"start":{"line":426,"column":6},"end":{"line":426,"column":38}},"117":{"start":{"line":427,"column":6},"end":{"line":427,"column":18}},"118":{"start":{"line":442,"column":6},"end":{"line":442,"column":24}},"119":{"start":{"line":444,"column":6},"end":{"line":446,"column":7}},"120":{"start":{"line":445,"column":8},"end":{"line":445,"column":60}},"121":{"start":{"line":448,"column":6},"end":{"line":448,"column":21}},"122":{"start":{"line":450,"column":6},"end":{"line":452,"column":7}},"123":{"start":{"line":451,"column":8},"end":{"line":451,"column":64}},"124":{"start":{"line":454,"column":6},"end":{"line":461,"column":15}},"125":{"start":{"line":455,"column":8},"end":{"line":460,"column":19}},"126":{"start":{"line":456,"column":10},"end":{"line":456,"column":71}},"127":{"start":{"line":457,"column":10},"end":{"line":459,"column":12}},"128":{"start":{"line":458,"column":12},"end":{"line":458,"column":76}},"129":{"start":{"line":463,"column":6},"end":{"line":463,"column":38}},"130":{"start":{"line":464,"column":6},"end":{"line":464,"column":18}},"131":{"start":{"line":479,"column":6},"end":{"line":479,"column":24}},"132":{"start":{"line":481,"column":6},"end":{"line":483,"column":7}},"133":{"start":{"line":482,"column":8},"end":{"line":482,"column":54}},"134":{"start":{"line":485,"column":6},"end":{"line":485,"column":21}},"135":{"start":{"line":487,"column":6},"end":{"line":491,"column":15}},"136":{"start":{"line":488,"column":8},"end":{"line":490,"column":10}},"137":{"start":{"line":489,"column":10},"end":{"line":489,"column":60}},"138":{"start":{"line":493,"column":6},"end":{"line":493,"column":38}},"139":{"start":{"line":494,"column":6},"end":{"line":494,"column":18}},"140":{"start":{"line":508,"column":6},"end":{"line":508,"column":24}},"141":{"start":{"line":510,"column":6},"end":{"line":512,"column":7}},"142":{"start":{"line":511,"column":8},"end":{"line":511,"column":61}},"143":{"start":{"line":514,"column":6},"end":{"line":514,"column":21}},"144":{"start":{"line":516,"column":6},"end":{"line":522,"column":15}},"145":{"start":{"line":517,"column":8},"end":{"line":521,"column":19}},"146":{"start":{"line":518,"column":10},"end":{"line":520,"column":13}},"147":{"start":{"line":519,"column":12},"end":{"line":519,"column":61}},"148":{"start":{"line":524,"column":6},"end":{"line":524,"column":38}},"149":{"start":{"line":525,"column":6},"end":{"line":525,"column":18}},"150":{"start":{"line":541,"column":6},"end":{"line":541,"column":24}},"151":{"start":{"line":543,"column":6},"end":{"line":545,"column":7}},"152":{"start":{"line":544,"column":8},"end":{"line":544,"column":69}},"153":{"start":{"line":547,"column":6},"end":{"line":554,"column":8}},"154":{"start":{"line":549,"column":10},"end":{"line":549,"column":69}},"155":{"start":{"line":552,"column":10},"end":{"line":552,"column":57}},"156":{"start":{"line":556,"column":6},"end":{"line":569,"column":9}},"157":{"start":{"line":557,"column":8},"end":{"line":559,"column":9}},"158":{"start":{"line":558,"column":10},"end":{"line":558,"column":33}},"159":{"start":{"line":562,"column":8},"end":{"line":568,"column":11}},"160":{"start":{"line":563,"column":10},"end":{"line":565,"column":11}},"161":{"start":{"line":564,"column":12},"end":{"line":564,"column":28}},"162":{"start":{"line":567,"column":10},"end":{"line":567,"column":27}},"163":{"start":{"line":571,"column":6},"end":{"line":571,"column":18}},"164":{"start":{"line":587,"column":6},"end":{"line":587,"column":24}},"165":{"start":{"line":589,"column":6},"end":{"line":589,"column":96}},"166":{"start":{"line":590,"column":6},"end":{"line":590,"column":88}},"167":{"start":{"line":592,"column":6},"end":{"line":592,"column":36}},"168":{"start":{"line":593,"column":6},"end":{"line":593,"column":30}},"169":{"start":{"line":595,"column":6},"end":{"line":621,"column":9}},"170":{"start":{"line":596,"column":8},"end":{"line":596,"column":91}},"171":{"start":{"line":598,"column":8},"end":{"line":600,"column":9}},"172":{"start":{"line":599,"column":10},"end":{"line":599,"column":25}},"173":{"start":{"line":602,"column":8},"end":{"line":614,"column":9}},"174":{"start":{"line":603,"column":10},"end":{"line":603,"column":30}},"175":{"start":{"line":604,"column":10},"end":{"line":604,"column":31}},"176":{"start":{"line":606,"column":10},"end":{"line":609,"column":11}},"177":{"start":{"line":607,"column":12},"end":{"line":607,"column":30}},"178":{"start":{"line":608,"column":12},"end":{"line":608,"column":28}},"179":{"start":{"line":611,"column":10},"end":{"line":613,"column":11}},"180":{"start":{"line":612,"column":12},"end":{"line":612,"column":26}},"181":{"start":{"line":616,"column":8},"end":{"line":618,"column":9}},"182":{"start":{"line":617,"column":10},"end":{"line":617,"column":32}},"183":{"start":{"line":620,"column":8},"end":{"line":620,"column":53}},"184":{"start":{"line":623,"column":6},"end":{"line":623,"column":18}},"185":{"start":{"line":639,"column":6},"end":{"line":655,"column":9}},"186":{"start":{"line":641,"column":8},"end":{"line":643,"column":9}},"187":{"start":{"line":642,"column":10},"end":{"line":642,"column":25}},"188":{"start":{"line":646,"column":8},"end":{"line":648,"column":9}},"189":{"start":{"line":647,"column":10},"end":{"line":647,"column":33}},"190":{"start":{"line":650,"column":8},"end":{"line":654,"column":9}},"191":{"start":{"line":651,"column":10},"end":{"line":651,"column":25}},"192":{"start":{"line":653,"column":10},"end":{"line":653,"column":23}},"193":{"start":{"line":657,"column":6},"end":{"line":657,"column":18}},"194":{"start":{"line":673,"column":6},"end":{"line":673,"column":65}},"195":{"start":{"line":676,"column":6},"end":{"line":692,"column":9}},"196":{"start":{"line":678,"column":8},"end":{"line":680,"column":9}},"197":{"start":{"line":679,"column":10},"end":{"line":679,"column":25}},"198":{"start":{"line":683,"column":8},"end":{"line":685,"column":9}},"199":{"start":{"line":684,"column":10},"end":{"line":684,"column":33}},"200":{"start":{"line":687,"column":8},"end":{"line":691,"column":9}},"201":{"start":{"line":688,"column":10},"end":{"line":688,"column":25}},"202":{"start":{"line":690,"column":10},"end":{"line":690,"column":23}},"203":{"start":{"line":694,"column":6},"end":{"line":694,"column":18}},"204":{"start":{"line":710,"column":6},"end":{"line":710,"column":65}},"205":{"start":{"line":711,"column":6},"end":{"line":711,"column":23}},"206":{"start":{"line":712,"column":6},"end":{"line":712,"column":27}},"207":{"start":{"line":715,"column":6},"end":{"line":736,"column":9}},"208":{"start":{"line":717,"column":8},"end":{"line":719,"column":9}},"209":{"start":{"line":718,"column":10},"end":{"line":718,"column":25}},"210":{"start":{"line":722,"column":8},"end":{"line":724,"column":9}},"211":{"start":{"line":723,"column":10},"end":{"line":723,"column":33}},"212":{"start":{"line":726,"column":8},"end":{"line":735,"column":9}},"213":{"start":{"line":727,"column":10},"end":{"line":727,"column":36}},"214":{"start":{"line":728,"column":10},"end":{"line":728,"column":25}},"215":{"start":{"line":730,"column":10},"end":{"line":734,"column":11}},"216":{"start":{"line":731,"column":12},"end":{"line":731,"column":27}},"217":{"start":{"line":733,"column":12},"end":{"line":733,"column":25}},"218":{"start":{"line":738,"column":6},"end":{"line":738,"column":18}},"219":{"start":{"line":753,"column":6},"end":{"line":756,"column":7}},"220":{"start":{"line":754,"column":8},"end":{"line":754,"column":23}},"221":{"start":{"line":755,"column":8},"end":{"line":755,"column":20}},"222":{"start":{"line":758,"column":6},"end":{"line":774,"column":9}},"223":{"start":{"line":760,"column":8},"end":{"line":762,"column":9}},"224":{"start":{"line":761,"column":10},
[...]
umn":4}}]},"26":{"line":96,"type":"binary-expr","locations":[{"start":{"line":96,"column":24},"end":{"line":96,"column":41}},{"start":{"line":96,"column":45},"end":{"line":96,"column":51}}]},"27":{"line":97,"type":"binary-expr","locations":[{"start":{"line":97,"column":21},"end":{"line":97,"column":35}},{"start":{"line":97,"column":39},"end":{"line":97,"column":56}}]},"28":{"line":112,"type":"if","locations":[{"start":{"line":112,"column":8},"end":{"line":112,"column":8}},{"start":{"line":112,"column":8},"end":{"line":112,"column":8}}]},"29":{"line":116,"type":"if","locations":[{"start":{"line":116,"column":8},"end":{"line":116,"column":8}},{"start":{"line":116,"column":8},"end":{"line":116,"column":8}}]},"30":{"line":137,"type":"if","locations":[{"start":{"line":137,"column":8},"end":{"line":137,"column":8}},{"start":{"line":137,"column":8},"end":{"line":137,"column":8}}]},"31":{"line":142,"type":"if","locations":[{"start":{"line":142,"column":10},"end":{"line":142,"column":10}},{"start":{"line":142,"column":10},"end":{"line":142,"column":10}}]},"32":{"line":158,"type":"if","locations":[{"start":{"line":158,"column":6},"end":{"line":158,"column":6}},{"start":{"line":158,"column":6},"end":{"line":158,"column":6}}]},"33":{"line":162,"type":"if","locations":[{"start":{"line":162,"column":6},"end":{"line":162,"column":6}},{"start":{"line":162,"column":6},"end":{"line":162,"column":6}}]},"34":{"line":167,"type":"if","locations":[{"start":{"line":167,"column":8},"end":{"line":167,"column":8}},{"start":{"line":167,"column":8},"end":{"line":167,"column":8}}]},"35":{"line":183,"type":"if","locations":[{"start":{"line":183,"column":8},"end":{"line":183,"column":8}},{"start":{"line":183,"column":8},"end":{"line":183,"column":8}}]},"36":{"line":187,"type":"if","locations":[{"start":{"line":187,"column":8},"end":{"line":187,"column":8}},{"start":{"line":187,"column":8},"end":{"line":187,"column":8}}]},"37":{"line":202,"type":"if","locations":[{"start":{"line":202,"column":8},"end":{"line":202,"column":8}},{"start":{"line":202,"column":8},"end":{"line":202,"column":8}}]},"38":{"line":206,"type":"if","locations":[{"start":{"line":206,"column":8},"end":{"line":206,"column":8}},{"start":{"line":206,"column":8},"end":{"line":206,"column":8}}]},"39":{"line":221,"type":"if","locations":[{"start":{"line":221,"column":8},"end":{"line":221,"column":8}},{"start":{"line":221,"column":8},"end":{"line":221,"column":8}}]},"40":{"line":240,"type":"if","locations":[{"start":{"line":240,"column":8},"end":{"line":240,"column":8}},{"start":{"line":240,"column":8},"end":{"line":240,"column":8}}]},"41":{"line":261,"type":"if","locations":[{"start":{"line":261,"column":8},"end":{"line":261,"column":8}},{"start":{"line":261,"column":8},"end":{"line":261,"column":8}}]},"42":{"line":265,"type":"if","locations":[{"start":{"line":265,"column":8},"end":{"line":265,"column":8}},{"start":{"line":265,"column":8},"end":{"line":265,"column":8}}]},"43":{"line":265,"type":"binary-expr","locations":[{"start":{"line":265,"column":12},"end":{"line":265,"column":19}},{"start":{"line":265,"column":23},"end":{"line":265,"column":44}}]},"44":{"line":274,"type":"if","locations":[{"start":{"line":274,"column":10},"end":{"line":274,"column":10}},{"start":{"line":274,"column":10},"end":{"line":274,"column":10}}]}},"code":["'use strict';","","Object.defineProperty(exports, \"__esModule\", {","  value: true","});","","var _createClass = function () { function defineProperties(target, props) { for (var i = 0; i < props.length; i++) { var descriptor = props[i]; descriptor.enumerable = descriptor.enumerable || false; descriptor.configurable = true; if (\"value\" in descriptor) descriptor.writable = true; Object.defineProperty(target, descriptor.key, descriptor); } } return function (Constructor, protoProps, staticProps) { if (protoProps) defineProperties(Constructor.prototype, protoProps); if (staticProps) defineProperties(Constructor, staticProps); return Constructor; }; }();","","var _values = require('lodash/values');","","var _values2 = _interopRequireDefault(_values);","","var _index = require('./index');","","var _index2 = _interopRequireDefault(_index);","","var _Permission = require('../Permission');","","var _Permission2 = _interopRequireDefault(_Permission);","","var _Role = require('../Role');","","var _Role2 = _interopRequireDefault(_Role);","","var _keymirror = require('keymirror');","","var _keymirror2 = _interopRequireDefault(_keymirror);","","function _interopRequireDefault(obj) { return obj && obj.__esModule ? obj : { default: obj }; }","","function _classCallCheck(instance, Constructor) { if (!(instance instanceof Constructor)) { throw new TypeError(\"Cannot call a class as a function\"); } }","","function _possibleConstructorReturn(self, call) { if (!self) { throw new ReferenceError(\"this hasn't been initialised - super() hasn't been called\"); } return call && (typeof call === \"object\" || typeof call === \"function\") ? call : self; }","","function _inherits(subClass, superClass) { if (typeof superClass !== \"function\" && superClass !== null) { throw new TypeError(\"Super expression must either be null or a function, not \" + typeof superClass); } subClass.prototype = Object.create(superClass && superClass.prototype, { constructor: { value: subClass, enumerable: false, writable: true, configurable: true } }); if (superClass) Object.setPrototypeOf ? Object.setPrototypeOf(subClass, superClass) : subClass.__proto__ = superClass; }","","var Type = (0, _keymirror2.default)({","  PERMISSION: null,","  ROLE: null","});","","function createSchema(Schema) {","  var schema = new Schema({","    name: { type: String, required: true, unique: true },","    type: { type: String, 'enum': (0, _values2.default)(Type), required: true },","    grants: [String]","  });","","  return schema;","}","","function getType(item) {","  if (item instanceof _Role2.default) {","    return Type.ROLE;","  } else if (item instanceof _Permission2.default) {","    return Type.PERMISSION;","  }","","  return null;","}","","function convertToInstance(rbac, record) {","  if (!record) {","    throw new Error('Record is undefined');","  }","","  if (record.type === Type.ROLE) {","    return rbac.createRole(record.name, false, function () {});","  } else if (record.type === Type.PERMISSION) {","    var decoded = _Permission2.default.decodeName(record.name);","    if (!decoded) {","      throw new Error('Bad permission name');","    }","","    return rbac.createPermission(decoded.action, decoded.resource, false, function () {});","  }","","  throw new Error('Type is undefined');","}","","var MongooseStorage = function (_Storage) {","  _inherits(MongooseStorage, _Storage);","","  function MongooseStorage() {","    var options = arguments.length > 0 && arguments[0] !== undefined ? arguments[0] : {};","","    _classCallCheck(this, MongooseStorage);","","    var _this = _possibleConstructorReturn(this, (MongooseStorage.__proto__ || Object.getPrototypeOf(MongooseStorage)).call(this));","","    var connection = options.connection;","    if (!connection) {","      throw new Error('Parameter connection is undefined use your current mongoose connection.');","    }","","    options.modelName = options.modelName || 'rbac';","    options.Schema = options.Schema || connection.Schema;","","    _this._options = options;","","    _this._model = connection.model(options.modelName, createSchema(options.Schema));","    return _this;","  }","","  _createClass(MongooseStorage, [{","    key: 'add',","    value: function add(item, cb) {","      this.model.create({","        name: item.name,","        type: getType(item)","      }, function (err, obj) {","        if (err) {","          return cb(err);","        }","","        if (!obj) {","          return cb(new Error('Item is undefined'));","        }","","        cb(null, item);","      });","","      return this;","    }","  }, {","    key: 'remove',","    value: function remove(item, cb) {","      var _this2 = this;","","      var name = item.name;","","      this.model.update({ grants: name }, {","        $pull: {","          grants: name","        }","      }, { multi: true }, function (err) {","        if (err) {","          return cb(err);","        }","","        _this2.model.remove({ name: name }, function (err2) {","          if (err2) {","            return cb(err2);","          }","","          cb(null, true);","        });","      });","","      return this;","    }","  }, {","    key: 'grant',","    value: function grant(role, child, cb) {","      var name = role.name;","      var childName = child.name;","","      if (!role instanceof _Role2.default) {","        return cb(new Error('Role is not instance of Role'));","      }","","      if (name === childName) {","        return cb(new Error('You can grant yourself'));","      }","","      this.model.update({ name: name, type: Type.ROLE }, { $addToSet: { grants: childName } }, function (err) {","        if (err) {","          return cb(err);","        }","","        cb(null, true);","      });","","      return this;","    }","  }, {","    key: 'revoke',","    value: function revoke(role, child, cb) {","      var name = role.name;","      var childName = child.name;","","      this.model.update({ name: name, type: Type.ROLE }, { $pull: { grants: childName } }, function (err, num) {","        if (err) {","          return cb(err);","        }","","        if (num === 0) {","          return cb(new Error('Item is not associated to this item'));","        }","","        return cb(null, true);","      });","","      return this;","    }","  }, {","    key: 'get',","    value: function get(name, cb) {","      var rbac = this.rbac;","","      this.model.findOne({ name: name }, function (err, record) {","        if (err) {","          return cb(err);","        }","","        if (!record) {","          return cb(null, null);","        }","","        cb(null, convertToInstance(rbac, record));","      });","","      return this;","    }","  }, {","    key: 'getRoles',","    value: function getRoles(cb) {","      var rbac = this.rbac;","","      this.model.find({ type: Type.ROLE }, function (err, records) {","        if (err) {","          return cb(err);","        }","","        var instances = records.map(function (r) {","          return convertToInstance(rbac, r);","        });","","        cb(null, instances);","      });","","      return this;","    }","  }, {","    key: 'getPermissions',","    value: function getPermissions(cb) {","      var rbac = this.rbac;","","      this.model.find({ type: Type.PERMISSION }, function (err, records) {","        if (err) {","          return cb(err);","        }","","        var instances = records.map(function (r) {","          return convertToInstance(rbac, r);","        });","","        cb(null, instances);","      });","","      return this;","    }","  }, {","    key: 'getGrants',","    value: function getGrants(role, cb) {","      var _this3 = this;","","      var rbac = this.rbac;","","      this.model.findOne({ name: role, type: Type.ROLE }, function (err, record) {","        if (err) {","          return cb(err);","        }","","        if (!record || !record.grants.length) {","          return cb(null, []);","        }","","        _this3.model.find({","          name: {","            $in: record.grants","          }","        }, function (err2, records) {","          if (err2) {","            return cb(err2);","          }","","          var instances = records.map(function (r) {","            return convertToInstance(rbac, r);","          });","","          cb(null, instances);","        });","      });","","      return this;","    }","  }, {","    key: 'model',","    get: function get() {","      return this._model;","    }","  }, {","    key: 'options',","    get: function get() {","      return this._options;","    }","  }]);","","  return MongooseStorage;","}(_index2.default);","","exports.default = MongooseStorage;"],"l":{"3":1,"7":10,"9":1,"11":1,"13":1,"15":1,"17":1,"19":1,"21":1,"23":1,"25":1,"27":1,"29":5,"31":1,"33":1,"35":1,"37":1,"42":1,"43":0,"49":0,"52":1,"53":0,"54":0,"55":0,"56":0,"59":0,"62":1,"63":0,"64":0,"67":0,"68":0,"69":0,"70":0,"71":0,"72":0,"75":0,"78":0,"81":1,"82":1,"84":1,"85":0,"87":0,"89":0,"91":0,"92":0,"93":0,"96":0,"97":0,"99":0,"101":0,"102":0,"105":1,"108":0,"112":0,"113":0,"116":0,"117":0,"120":0,"123":0,"128":0,"130":0,"132":0,"137":0,"138":0,"141":0,"142":0,"143":0,"146":0,"150":0,"155":0,"156":0,"158":0,"159":0,"162":0,"163":0,"166":0,"167":0,"168":0,"171":0,"174":0,"179":0,"180":0,"182":0,"183":0,"184":0,"187":0,"188":0,"191":0,"194":0,"199":0,"201":0,"202":0,"203":0,"206":0,"207":0,"210":0,"213":0,"218":0,"220":0,"221":0,"222":0,"225":0,"226":0,"229":0,"232":0,"237":0,"239":0,"240":0,"241":0,"244":0,"245":0,"248":0,"251":0,"256":0,"258":0,"260":0,"261":0,"262":0,"265":0,"266":0,"269":0,"274":0,"275":0,"278":0,"279":0,"282":0,"286":0,"291":0,"296":0,"300":1,"303":1}},"/home/travis/build/npmtest/node-npmtest-rbac/node_modules/rbac/controllers/express.js":{"path":"/home/travis/build/npmtest/node-npmtest-rbac/node_modules/rbac/controllers/express.js","s":{"1":1,"2":1,"3":0,"4":0,"5":0,"6":0,"7":0,"8":0,"9":0,"10":0,"11":0,"12":0,"13":0,"14":0,"15":1,"16":0,"17":0,"18":0,"19":0,"20":0,"21":0,"22":0,"23":0,"24":0,"25":0,"26":0,"27":0},"b":{"1":[0,0],"2":[0,0],"3":[0,0],"4":[0,0],"5":[0,0],"6":[0,0],"7":[0,0],"8":[0,0],"9":[0,0],"10":[0,0]},"f":{"1":0,"2":0,"3":0,"4":0,"5":0,"6":0},"fnMap":{"1":{"name":"(anonymous_1)","line":14,"loc":{"start":{"line":14,"column":14},"end":{"line":14,"column":73}}},"2":{"name":"(anonymous_2)","line":17,"loc":{"start":{"line":17,"column":9},"end":{"line":17,"column":34}}},"3":{"name":"(anonymous_3)","line":22,"loc":{"start":{"line":22,"column":41},"end":{"line":22,"column":60}}},"4":{"name":"(anonymous_4)","line":48,"loc":{"start":{"line":48,"column":18},"end":{"line":48,"column":65}}},"5":{"name":"(anonymous_5)","line":51,"loc":{"start":{"line":51,"column":9},"end":{"line":51,"column":34}}},"6":{"name":"(anonymous_6)","line":56,"loc":{"start":{"line":56,"column":33},"end":{"line":56,"column":52}}}},"statementMap":{"1":{"start":{"line":3,"column":0},"end":{"line":3,"column":44}},"2":{"start":{"line":14,"column":0},"end":{"line":38,"column":2}},"3":{"start":{"line":15,"column":2},"end":{"line":15,"column":41}},"4":{"start":{"line":17,"column":2},"end":{"line":37,"column":4}},"5":{"start":{"line":18,"column":4},"end":{"line":20,"column":5}},"6":{"start":{"line":19,"column":6},"end":{"line":19,"column":37}},"7":{"start":{"line":22,"column":4},"end":{"line":36,"column":7}},"8":{"start":{"line":23,"column":6},"end":{"line":25,"column":7}},"9":{"start":{"line":24,"column":8},"end":{"line":24,"column":25}},"10":{"start":{"line":27,"column":6},"end":{"line":33,"column":7}},"11":{"start":{"line":28,"column":8},"end":{"line":30,"column":9}},"12":{"start":{"line":29,"column":10},"end":{"line":29,"column":56}},"13":{"start":{"line":32,"column":8},"end":{"line":32,"column":39}},"14":{"start":{"line":35,"column":6},"end":{"line":35,"column":13}},"15":{"start":{"line":48,"column":0},"end":{"line":72,"column":2}},"16":{"start":{"line":49,"column":2},"end":{"line":49,"column":41}},"17":{"start":{"line":51,"column":2},"end":{"line":71,"column":4}},"18":{"start":{"line":52,"column":4},"end":{"line":54,"column":5}},"19":{"start":{"line":53,"column":6},"end":{"line":53,"column":37}},"20":{"start":{"line":56,"column":4},"end":{"line":70,"column":7}},"21":{"start":{"line":57,"column":6},"end":{"line":59,"column":7}},"22":{"start":{"line":58,"column":8},"end":{"line":58,"column":25}},"23":{"start":{"line":61,"column":6},"end":{"line":67,"column":7}},"24":{"start":{"line":62,"column":8},"end":{"line":64,"column":9}},"25":{"start":{"line":63,"column":10},"end":{"line":63,"column":56}},"26":{"start":{"line":66,"column":8},"end":{"line":66,"column":39}},"27":{"start":{"line":69,"column":6},"end":{"line":69,"column":13}}},"branchMap":{"1":{"line":15,"type":"binary-expr","locations":[{"start":{"line":15,"column":19},"end":{"line":15,"column":33}},{"start":{"line":15,"column":37},"end":{"line":15,"column":40}}]},"2":{"line":18,"type":"if","locations":[{"start":{"line":18,"column":4},"end":{"line":18,"column":4}},{"start":{"line":18,"column":4},"end":{"line":18,"column":4}}]},"3":{"line":23,"type":"if","locations":[{"start":{"line":23,"column":6},"end":{"line":23,"column":6}},{"start":{"line":23,"column":6},"end":{"line":23,"column":6}}]},"4":{"line":27,"type":"if","locations":[{"start":{"line":27,"column":6},"end":{"line":27,"column":6}},{"start":{"line":27,"column":6},"end":{"line":27,"column":6}}]},"5":{"line":28,"type":"if","locations":[{"start":{"line":28,"column":8},"end":{"line":28,"column":8}},{"start":{"line":28,"column":8},"end":{"line":28,"column":8}}]},"6":{"line":49,"type":"binary-expr","locations":[{"start":{"line":49,"column":19},"end":{"line":49,"column":33}},{"start":{"line":49,"column":37},"end":{"line":49,"column":40}}]},"7":{"line":52,"type":"if","locations":[{"start":{"line":52,"column":4},"end":{"line":52,"column":4}},{"start":{"line":52,"column":4},"end":{"line":52,"column":4}}]},"8":{"line":57,"type":"if","locations":[{"start":{"line":57,"column":6},"end":{"line":57,"column":6}},{"start":{"line":57,"column":6},"end":{"line":57,"column":6}}]},"9":{"line":61,"type":"if","locations":[{"start":{"line":61,"column":6},"end":{"line":61,"column":6}},{"start":{"line":61,"column":6},"end":{"line":61,"column":6}}]},"10":{"line":62,"type":"if","locations":[{"start":{"line":62,"column":8},"end":{"line":62,"column":8}},{"start":{"line":62,"column":8},"end":{"line":62,"column":8}}]}},"code":["'use strict';","","var WebError = require('web-error').default;","","/**"," * Return middleware function for permission check"," * @param  {RBAC}    rbac              Instance of RBAC"," * @param  {String}  action            Name of action"," * @param  {String}  resource          Name of resource"," * @param  {String}  redirect          Url where is user redirected when he has no permissions"," * @param  {Number}  redirectStatus    Status code of redirect action"," * @return {Function}                  Middleware function"," */","exports.can = function(rbac, action, resource, redirect, redirectStatus) {","  redirectStatus = redirectStatus || 302;","","  return function(req, res, next) {","    if(!req.user) {","      return next(new WebError(401));","    }","","    req.user.can(rbac, action, resource, function(err, can) {","      if(err) {","        return next(err);","      }","","      if(!can) {","        if(redirect) {","          return res.redirect(redirectStatus, redirect);","        }","","        return next(new WebError(401));","      }","","      next();","    });","  };","};","","/**"," * Return middleware function for permission check"," * @param  {RBAC}  rbac                Instance of RBAC"," * @param  {String}  name              Name of role"," * @param  {String}  redirect          Url where is user redirected when he has no permissions"," * @param  {Number}  redirectStatus    Status code of redirect action"," * @return {Function}                  Middleware function"," */","exports.hasRole = function(rbac, name, redirect, redirectStatus) {","  redirectStatus = redirectStatus || 302;","","  return function(req, res, next) {","    if(!req.user) {","      return next(new WebError(401));","    }","","    req.user.hasRole(rbac, name, function(err, has) {","      if(err) {","        return next(err);","      }","","      if(!has) {","        if(redirect) {","          return res.redirect(redirectStatus, redirect);","        }","","        return next(new WebError(401));","      }","","      next();","    });","  };","};",""],"l":{"3":1,"14":1,"15":0,"17":0,"18":0,"19":0,"22":0,"23":0,"24":0,"27":0,"28":0,"29":0,"32":0,"35":0,"48":1,"49":0,"51":0,"52":0,"53":0,"56":0,"57":0,"58":0,"61":0,"62":0,"63":0,"66":0,"69":0}}}